{
  "D:/Programação/Projetos/Estudar/library-web/src/app/app.component.ts": {
    "path": "D:/Programação/Projetos/Estudar/library-web/src/app/app.component.ts",
    "statementMap": {},
    "fnMap": {},
    "branchMap": {},
    "s": {},
    "f": {},
    "b": {}
  },
  "D:/Programação/Projetos/Estudar/library-web/src/environments/environment.ts": {
    "path": "D:/Programação/Projetos/Estudar/library-web/src/environments/environment.ts",
    "statementMap": {},
    "fnMap": {},
    "branchMap": {},
    "s": {},
    "f": {},
    "b": {}
  },
  "D:/Programação/Projetos/Estudar/library-web/src/app/layout/blank/blank.component.ts": {
    "path": "D:/Programação/Projetos/Estudar/library-web/src/app/layout/blank/blank.component.ts",
    "statementMap": {},
    "fnMap": {},
    "branchMap": {},
    "s": {},
    "f": {},
    "b": {}
  },
  "D:/Programação/Projetos/Estudar/library-web/src/app/layout/full/full.component.ts": {
    "path": "D:/Programação/Projetos/Estudar/library-web/src/app/layout/full/full.component.ts",
    "statementMap": {},
    "fnMap": {},
    "branchMap": {},
    "s": {},
    "f": {},
    "b": {}
  },
  "D:/Programação/Projetos/Estudar/library-web/src/app/pages/author/author.component.ts": {
    "path": "D:/Programação/Projetos/Estudar/library-web/src/app/pages/author/author.component.ts",
    "statementMap": {},
    "fnMap": {},
    "branchMap": {},
    "s": {},
    "f": {},
    "b": {}
  },
  "D:/Programação/Projetos/Estudar/library-web/src/app/pages/book/book.component.ts": {
    "path": "D:/Programação/Projetos/Estudar/library-web/src/app/pages/book/book.component.ts",
    "statementMap": {},
    "fnMap": {},
    "branchMap": {},
    "s": {},
    "f": {},
    "b": {}
  },
  "D:/Programação/Projetos/Estudar/library-web/src/app/pages/cart/cart.component.ts": {
    "path": "D:/Programação/Projetos/Estudar/library-web/src/app/pages/cart/cart.component.ts",
    "statementMap": {},
    "fnMap": {},
    "branchMap": {},
    "s": {},
    "f": {},
    "b": {}
  },
  "D:/Programação/Projetos/Estudar/library-web/src/app/pages/category/category.component.ts": {
    "path": "D:/Programação/Projetos/Estudar/library-web/src/app/pages/category/category.component.ts",
    "statementMap": {},
    "fnMap": {},
    "branchMap": {},
    "s": {},
    "f": {},
    "b": {}
  },
  "D:/Programação/Projetos/Estudar/library-web/src/app/pages/checkout/checkout.component.ts": {
    "path": "D:/Programação/Projetos/Estudar/library-web/src/app/pages/checkout/checkout.component.ts",
    "statementMap": {},
    "fnMap": {},
    "branchMap": {},
    "s": {},
    "f": {},
    "b": {}
  },
  "D:/Programação/Projetos/Estudar/library-web/src/app/pages/shop/shop.component.ts": {
    "path": "D:/Programação/Projetos/Estudar/library-web/src/app/pages/shop/shop.component.ts",
    "statementMap": {},
    "fnMap": {},
    "branchMap": {},
    "s": {},
    "f": {},
    "b": {}
  },
  "D:/Programação/Projetos/Estudar/library-web/src/app/shared/guard/auth.guard.ts": {
    "path": "D:/Programação/Projetos/Estudar/library-web/src/app/shared/guard/auth.guard.ts",
    "statementMap": {},
    "fnMap": {},
    "branchMap": {},
    "s": {},
    "f": {},
    "b": {}
  },
  "D:/Programação/Projetos/Estudar/library-web/src/app/shared/models/author.model.ts": {
    "path": "D:/Programação/Projetos/Estudar/library-web/src/app/shared/models/author.model.ts",
    "statementMap": {},
    "fnMap": {},
    "branchMap": {},
    "s": {},
    "f": {},
    "b": {}
  },
  "D:/Programação/Projetos/Estudar/library-web/src/app/shared/models/base.model.ts": {
    "path": "D:/Programação/Projetos/Estudar/library-web/src/app/shared/models/base.model.ts",
    "statementMap": {},
    "fnMap": {},
    "branchMap": {},
    "s": {},
    "f": {},
    "b": {}
  },
  "D:/Programação/Projetos/Estudar/library-web/src/app/shared/models/book.model.ts": {
    "path": "D:/Programação/Projetos/Estudar/library-web/src/app/shared/models/book.model.ts",
    "statementMap": {},
    "fnMap": {},
    "branchMap": {},
    "s": {},
    "f": {},
    "b": {}
  },
  "D:/Programação/Projetos/Estudar/library-web/src/app/shared/models/category.model.ts": {
    "path": "D:/Programação/Projetos/Estudar/library-web/src/app/shared/models/category.model.ts",
    "statementMap": {},
    "fnMap": {},
    "branchMap": {},
    "s": {},
    "f": {},
    "b": {}
  },
  "D:/Programação/Projetos/Estudar/library-web/src/app/shared/models/customer.model.ts": {
    "path": "D:/Programação/Projetos/Estudar/library-web/src/app/shared/models/customer.model.ts",
    "statementMap": {},
    "fnMap": {},
    "branchMap": {},
    "s": {},
    "f": {},
    "b": {}
  },
  "D:/Programação/Projetos/Estudar/library-web/src/app/shared/models/item-sale.model.ts": {
    "path": "D:/Programação/Projetos/Estudar/library-web/src/app/shared/models/item-sale.model.ts",
    "statementMap": {},
    "fnMap": {},
    "branchMap": {},
    "s": {},
    "f": {},
    "b": {}
  },
  "D:/Programação/Projetos/Estudar/library-web/src/app/shared/models/options.models.ts": {
    "path": "D:/Programação/Projetos/Estudar/library-web/src/app/shared/models/options.models.ts",
    "statementMap": {},
    "fnMap": {},
    "branchMap": {},
    "s": {},
    "f": {},
    "b": {}
  },
  "D:/Programação/Projetos/Estudar/library-web/src/app/shared/models/paginated-response.model.ts": {
    "path": "D:/Programação/Projetos/Estudar/library-web/src/app/shared/models/paginated-response.model.ts",
    "statementMap": {},
    "fnMap": {},
    "branchMap": {},
    "s": {},
    "f": {},
    "b": {}
  },
  "D:/Programação/Projetos/Estudar/library-web/src/app/shared/models/sale.model.ts": {
    "path": "D:/Programação/Projetos/Estudar/library-web/src/app/shared/models/sale.model.ts",
    "statementMap": {},
    "fnMap": {},
    "branchMap": {},
    "s": {},
    "f": {},
    "b": {}
  },
  "D:/Programação/Projetos/Estudar/library-web/src/app/shared/services/auth.service.ts": {
    "path": "D:/Programação/Projetos/Estudar/library-web/src/app/shared/services/auth.service.ts",
    "statementMap": {},
    "fnMap": {},
    "branchMap": {},
    "s": {},
    "f": {},
    "b": {}
  },
  "D:/Programação/Projetos/Estudar/library-web/src/app/shared/services/author.service.ts": {
    "path": "D:/Programação/Projetos/Estudar/library-web/src/app/shared/services/author.service.ts",
    "statementMap": {},
    "fnMap": {},
    "branchMap": {},
    "s": {},
    "f": {},
    "b": {}
  },
  "D:/Programação/Projetos/Estudar/library-web/src/app/shared/services/book.service.ts": {
    "path": "D:/Programação/Projetos/Estudar/library-web/src/app/shared/services/book.service.ts",
    "statementMap": {},
    "fnMap": {},
    "branchMap": {},
    "s": {},
    "f": {},
    "b": {}
  },
  "D:/Programação/Projetos/Estudar/library-web/src/app/shared/services/cart.service.ts": {
    "path": "D:/Programação/Projetos/Estudar/library-web/src/app/shared/services/cart.service.ts",
    "statementMap": {},
    "fnMap": {},
    "branchMap": {},
    "s": {},
    "f": {},
    "b": {}
  },
  "D:/Programação/Projetos/Estudar/library-web/src/app/shared/services/category.service.ts": {
    "path": "D:/Programação/Projetos/Estudar/library-web/src/app/shared/services/category.service.ts",
    "statementMap": {},
    "fnMap": {},
    "branchMap": {},
    "s": {},
    "f": {},
    "b": {}
  },
  "D:/Programação/Projetos/Estudar/library-web/src/app/shared/services/customer.service.ts": {
    "path": "D:/Programação/Projetos/Estudar/library-web/src/app/shared/services/customer.service.ts",
    "statementMap": {},
    "fnMap": {},
    "branchMap": {},
    "s": {},
    "f": {},
    "b": {}
  },
  "D:/Programação/Projetos/Estudar/library-web/src/app/shared/services/generic.service.ts": {
    "path": "D:/Programação/Projetos/Estudar/library-web/src/app/shared/services/generic.service.ts",
    "statementMap": {},
    "fnMap": {},
    "branchMap": {},
    "s": {},
    "f": {},
    "b": {}
  },
  "D:/Programação/Projetos/Estudar/library-web/src/app/shared/services/item-sale.service.ts": {
    "path": "D:/Programação/Projetos/Estudar/library-web/src/app/shared/services/item-sale.service.ts",
    "statementMap": {},
    "fnMap": {},
    "branchMap": {},
    "s": {},
    "f": {},
    "b": {}
  },
  "D:/Programação/Projetos/Estudar/library-web/src/app/shared/services/sale.service.ts": {
    "path": "D:/Programação/Projetos/Estudar/library-web/src/app/shared/services/sale.service.ts",
    "statementMap": {},
    "fnMap": {},
    "branchMap": {},
    "s": {},
    "f": {},
    "b": {}
  },
  "D:/Programação/Projetos/Estudar/library-web/src/app/pages/auth/login/login.component.ts": {
    "path": "D:/Programação/Projetos/Estudar/library-web/src/app/pages/auth/login/login.component.ts",
    "statementMap": {},
    "fnMap": {},
    "branchMap": {},
    "s": {},
    "f": {},
    "b": {}
  },
  "D:/Programação/Projetos/Estudar/library-web/src/app/pages/author/add-edt-author/add-edt-author.component.ts": {
    "path": "D:/Programação/Projetos/Estudar/library-web/src/app/pages/author/add-edt-author/add-edt-author.component.ts",
    "statementMap": {},
    "fnMap": {},
    "branchMap": {},
    "s": {},
    "f": {},
    "b": {}
  },
  "D:/Programação/Projetos/Estudar/library-web/src/app/pages/book/add-edt-book/add-edt-book.component.ts": {
    "path": "D:/Programação/Projetos/Estudar/library-web/src/app/pages/book/add-edt-book/add-edt-book.component.ts",
    "statementMap": {},
    "fnMap": {},
    "branchMap": {},
    "s": {},
    "f": {},
    "b": {}
  },
  "D:/Programação/Projetos/Estudar/library-web/src/app/pages/category/add-edt-category/add-edt-category.component.ts": {
    "path": "D:/Programação/Projetos/Estudar/library-web/src/app/pages/category/add-edt-category/add-edt-category.component.ts",
    "statementMap": {},
    "fnMap": {},
    "branchMap": {},
    "s": {},
    "f": {},
    "b": {}
  },
  "D:/Programação/Projetos/Estudar/library-web/src/app/shared/components/modal-confirmation/modal-confirmation.component.ts": {
    "path": "D:/Programação/Projetos/Estudar/library-web/src/app/shared/components/modal-confirmation/modal-confirmation.component.ts",
    "statementMap": {},
    "fnMap": {},
    "branchMap": {},
    "s": {},
    "f": {},
    "b": {}
  },
  "D:/Programação/Projetos/Estudar/library-web/src/app/shared/components/multi-select/multi-select.component.ts": {
    "path": "D:/Programação/Projetos/Estudar/library-web/src/app/shared/components/multi-select/multi-select.component.ts",
    "statementMap": {},
    "fnMap": {},
    "branchMap": {},
    "s": {},
    "f": {},
    "b": {}
  },
  "D:/Programação/Projetos/Estudar/library-web/src/app/shared/components/nav-bar/nav-bar.component.ts": {
    "path": "D:/Programação/Projetos/Estudar/library-web/src/app/shared/components/nav-bar/nav-bar.component.ts",
    "statementMap": {},
    "fnMap": {},
    "branchMap": {},
    "s": {},
    "f": {},
    "b": {}
  },
  "D:/Programação/Projetos/Estudar/library-web/src/app/shared/components/multi-select/services/dropdown.service.ts": {
    "path": "D:/Programação/Projetos/Estudar/library-web/src/app/shared/components/multi-select/services/dropdown.service.ts",
    "statementMap": {},
    "fnMap": {},
    "branchMap": {},
    "s": {},
    "f": {},
    "b": {}
  },
  "D:/Programação/Projetos/Estudar/library-web/src/app/app-routing.module.ts": {
    "path": "D:/Programação/Projetos/Estudar/library-web/src/app/app-routing.module.ts",
    "statementMap": {},
    "fnMap": {},
    "branchMap": {},
    "s": {},
    "f": {},
    "b": {}
  },
  "D:/Programação/Projetos/Estudar/library-web/src/app/app.module.ts": {
    "path": "D:/Programação/Projetos/Estudar/library-web/src/app/app.module.ts",
    "statementMap": {},
    "fnMap": {},
    "branchMap": {},
    "s": {},
    "f": {},
    "b": {}
  },
  "D:/Programação/Projetos/Estudar/library-web/src/app/layout/blank/blank.module.ts": {
    "path": "D:/Programação/Projetos/Estudar/library-web/src/app/layout/blank/blank.module.ts",
    "statementMap": {},
    "fnMap": {},
    "branchMap": {},
    "s": {},
    "f": {},
    "b": {}
  },
  "D:/Programação/Projetos/Estudar/library-web/src/app/layout/full/full.module.ts": {
    "path": "D:/Programação/Projetos/Estudar/library-web/src/app/layout/full/full.module.ts",
    "statementMap": {},
    "fnMap": {},
    "branchMap": {},
    "s": {},
    "f": {},
    "b": {}
  },
  "D:/Programação/Projetos/Estudar/library-web/src/app/pages/author/author.module.ts": {
    "path": "D:/Programação/Projetos/Estudar/library-web/src/app/pages/author/author.module.ts",
    "statementMap": {},
    "fnMap": {},
    "branchMap": {},
    "s": {},
    "f": {},
    "b": {}
  },
  "D:/Programação/Projetos/Estudar/library-web/src/app/pages/book/book.module.ts": {
    "path": "D:/Programação/Projetos/Estudar/library-web/src/app/pages/book/book.module.ts",
    "statementMap": {},
    "fnMap": {},
    "branchMap": {},
    "s": {},
    "f": {},
    "b": {}
  },
  "D:/Programação/Projetos/Estudar/library-web/src/app/pages/cart/cart.module.ts": {
    "path": "D:/Programação/Projetos/Estudar/library-web/src/app/pages/cart/cart.module.ts",
    "statementMap": {},
    "fnMap": {},
    "branchMap": {},
    "s": {},
    "f": {},
    "b": {}
  },
  "D:/Programação/Projetos/Estudar/library-web/src/app/pages/category/category.module.ts": {
    "path": "D:/Programação/Projetos/Estudar/library-web/src/app/pages/category/category.module.ts",
    "statementMap": {},
    "fnMap": {},
    "branchMap": {},
    "s": {},
    "f": {},
    "b": {}
  },
  "D:/Programação/Projetos/Estudar/library-web/src/app/pages/checkout/checkout.module.ts": {
    "path": "D:/Programação/Projetos/Estudar/library-web/src/app/pages/checkout/checkout.module.ts",
    "statementMap": {},
    "fnMap": {},
    "branchMap": {},
    "s": {},
    "f": {},
    "b": {}
  },
  "D:/Programação/Projetos/Estudar/library-web/src/app/pages/shop/shop.module.ts": {
    "path": "D:/Programação/Projetos/Estudar/library-web/src/app/pages/shop/shop.module.ts",
    "statementMap": {},
    "fnMap": {},
    "branchMap": {},
    "s": {},
    "f": {},
    "b": {}
  },
  "D:/Programação/Projetos/Estudar/library-web/src/app/pages/auth/login/login.module.ts": {
    "path": "D:/Programação/Projetos/Estudar/library-web/src/app/pages/auth/login/login.module.ts",
    "statementMap": {},
    "fnMap": {},
    "branchMap": {},
    "s": {},
    "f": {},
    "b": {}
  },
  "D:/Programação/Projetos/Estudar/library-web/src/app/pages/author/add-edt-author/add-edt-author.module.ts": {
    "path": "D:/Programação/Projetos/Estudar/library-web/src/app/pages/author/add-edt-author/add-edt-author.module.ts",
    "statementMap": {},
    "fnMap": {},
    "branchMap": {},
    "s": {},
    "f": {},
    "b": {}
  },
  "D:/Programação/Projetos/Estudar/library-web/src/app/pages/book/add-edt-book/add-edt-book.module.ts": {
    "path": "D:/Programação/Projetos/Estudar/library-web/src/app/pages/book/add-edt-book/add-edt-book.module.ts",
    "statementMap": {},
    "fnMap": {},
    "branchMap": {},
    "s": {},
    "f": {},
    "b": {}
  },
  "D:/Programação/Projetos/Estudar/library-web/src/app/pages/category/add-edt-category/add-edt-category.module.ts": {
    "path": "D:/Programação/Projetos/Estudar/library-web/src/app/pages/category/add-edt-category/add-edt-category.module.ts",
    "statementMap": {},
    "fnMap": {},
    "branchMap": {},
    "s": {},
    "f": {},
    "b": {}
  },
  "D:/Programação/Projetos/Estudar/library-web/src/app/shared/components/modal-confirmation/modal-confirmation.module.ts": {
    "path": "D:/Programação/Projetos/Estudar/library-web/src/app/shared/components/modal-confirmation/modal-confirmation.module.ts",
    "statementMap": {},
    "fnMap": {},
    "branchMap": {},
    "s": {},
    "f": {},
    "b": {}
  },
  "D:/Programação/Projetos/Estudar/library-web/src/app/shared/components/multi-select/multi-select.module.ts": {
    "path": "D:/Programação/Projetos/Estudar/library-web/src/app/shared/components/multi-select/multi-select.module.ts",
    "statementMap": {},
    "fnMap": {},
    "branchMap": {},
    "s": {},
    "f": {},
    "b": {}
  },
  "D:/Programação/Projetos/Estudar/library-web/src/app/shared/components/nav-bar/nav-bar.module.ts": {
    "path": "D:/Programação/Projetos/Estudar/library-web/src/app/shared/components/nav-bar/nav-bar.module.ts",
    "statementMap": {},
    "fnMap": {},
    "branchMap": {},
    "s": {},
    "f": {},
    "b": {}
  },
  "D:\\Programação\\Projetos\\Estudar\\library-web\\src\\app\\layout\\blank\\blank.component.ts": {
    "path": "D:\\Programação\\Projetos\\Estudar\\library-web\\src\\app\\layout\\blank\\blank.component.ts",
    "statementMap": {
      "0": {
        "start": {
          "line": 3,
          "column": 41
        },
        "end": {
          "line": 26,
          "column": 4
        }
      },
      "1": {
        "start": {
          "line": 6,
          "column": 6
        },
        "end": {
          "line": 8,
          "column": 8
        }
      },
      "2": {
        "start": {
          "line": 7,
          "column": 8
        },
        "end": {
          "line": 7,
          "column": 43
        }
      },
      "3": {
        "start": {
          "line": 11,
          "column": 6
        },
        "end": {
          "line": 22,
          "column": 9
        }
      },
      "4": {
        "start": {
          "line": 17,
          "column": 10
        },
        "end": {
          "line": 19,
          "column": 11
        }
      },
      "5": {
        "start": {
          "line": 18,
          "column": 12
        },
        "end": {
          "line": 18,
          "column": 45
        }
      },
      "6": {
        "start": {
          "line": 25,
          "column": 2
        },
        "end": {
          "line": 25,
          "column": 24
        }
      }
    },
    "fnMap": {
      "0": {
        "name": "(anonymous_0)",
        "decl": {
          "start": {
            "line": 3,
            "column": 42
          },
          "end": {
            "line": 3,
            "column": 43
          }
        },
        "loc": {
          "start": {
            "line": 3,
            "column": 48
          },
          "end": {
            "line": 26,
            "column": 1
          }
        },
        "line": 3
      },
      "1": {
        "name": "BlankComponent_Factory",
        "decl": {
          "start": {
            "line": 6,
            "column": 27
          },
          "end": {
            "line": 6,
            "column": 49
          }
        },
        "loc": {
          "start": {
            "line": 6,
            "column": 53
          },
          "end": {
            "line": 8,
            "column": 7
          }
        },
        "line": 6
      },
      "2": {
        "name": "BlankComponent_Template",
        "decl": {
          "start": {
            "line": 16,
            "column": 27
          },
          "end": {
            "line": 16,
            "column": 50
          }
        },
        "loc": {
          "start": {
            "line": 16,
            "column": 60
          },
          "end": {
            "line": 20,
            "column": 9
          }
        },
        "line": 16
      }
    },
    "branchMap": {
      "0": {
        "loc": {
          "start": {
            "line": 7,
            "column": 20
          },
          "end": {
            "line": 7,
            "column": 39
          }
        },
        "type": "binary-expr",
        "locations": [
          {
            "start": {
              "line": 7,
              "column": 20
            },
            "end": {
              "line": 7,
              "column": 21
            }
          },
          {
            "start": {
              "line": 7,
              "column": 25
            },
            "end": {
              "line": 7,
              "column": 39
            }
          }
        ],
        "line": 7
      },
      "1": {
        "loc": {
          "start": {
            "line": 17,
            "column": 10
          },
          "end": {
            "line": 19,
            "column": 11
          }
        },
        "type": "if",
        "locations": [
          {
            "start": {
              "line": 17,
              "column": 10
            },
            "end": {
              "line": 19,
              "column": 11
            }
          },
          {
            "start": {
              "line": 17,
              "column": 10
            },
            "end": {
              "line": 19,
              "column": 11
            }
          }
        ],
        "line": 17
      }
    },
    "s": {
      "0": 4,
      "1": 4,
      "2": 4,
      "3": 4,
      "4": 108,
      "5": 4,
      "6": 4
    },
    "f": {
      "0": 4,
      "1": 4,
      "2": 108
    },
    "b": {
      "0": [
        4,
        4
      ],
      "1": [
        4,
        104
      ]
    },
    "inputSourceMap": {
      "version": 3,
      "names": [
        "BlankComponent",
        "selectors",
        "decls",
        "vars",
        "template",
        "BlankComponent_Template",
        "rf",
        "ctx",
        "i0",
        "ɵɵelement"
      ],
      "sources": [
        "D:\\Programação\\Projetos\\Estudar\\library-web\\src\\app\\layout\\blank\\blank.component.ts",
        "D:\\Programação\\Projetos\\Estudar\\library-web\\src\\app\\layout\\blank\\blank.component.html"
      ],
      "sourcesContent": [
        "import { Component } from '@angular/core';\n\n@Component({\n  selector: 'app-blank',\n  templateUrl: './blank.component.html',\n  styleUrls: ['./blank.component.scss']\n})\nexport class BlankComponent {\n\n}\n",
        "<router-outlet></router-outlet>\n"
      ],
      "mappings": ";;AAOA,WAAaA,cAAc;EAArB,MAAOA,cAAc;;;yBAAdA,cAAc;MAAA;IAAA;;;cAAdA,cAAc;QAAAC,SAAA;QAAAC,KAAA;QAAAC,IAAA;QAAAC,QAAA,WAAAC,wBAAAC,EAAA,EAAAC,GAAA;UAAA,IAAAD,EAAA;YCP3BE,EAAA,CAAAC,SAAA,oBAA+B;;;;;;;SDOlBT,cAAc;AAAA",
      "ignoreList": []
    },
    "_coverageSchema": "1a1c01bbd47fc00a2c39e90264f33305004495a9",
    "hash": "cf9ccf9bbad5b5ff5a225c533bd458fd72f3f4dd"
  },
  "D:\\Programação\\Projetos\\Estudar\\library-web\\src\\app\\shared\\components\\nav-bar\\nav-bar.component.ts": {
    "path": "D:\\Programação\\Projetos\\Estudar\\library-web\\src\\app\\shared\\components\\nav-bar\\nav-bar.component.ts",
    "statementMap": {
      "0": {
        "start": {
          "line": 4,
          "column": 12
        },
        "end": {
          "line": 6,
          "column": 1
        }
      },
      "1": {
        "start": {
          "line": 5,
          "column": 2
        },
        "end": {
          "line": 5,
          "column": 14
        }
      },
      "2": {
        "start": {
          "line": 8,
          "column": 2
        },
        "end": {
          "line": 12,
          "column": 3
        }
      },
      "3": {
        "start": {
          "line": 9,
          "column": 4
        },
        "end": {
          "line": 9,
          "column": 46
        }
      },
      "4": {
        "start": {
          "line": 10,
          "column": 4
        },
        "end": {
          "line": 10,
          "column": 17
        }
      },
      "5": {
        "start": {
          "line": 11,
          "column": 4
        },
        "end": {
          "line": 11,
          "column": 24
        }
      },
      "6": {
        "start": {
          "line": 13,
          "column": 2
        },
        "end": {
          "line": 19,
          "column": 3
        }
      },
      "7": {
        "start": {
          "line": 14,
          "column": 20
        },
        "end": {
          "line": 14,
          "column": 48
        }
      },
      "8": {
        "start": {
          "line": 15,
          "column": 4
        },
        "end": {
          "line": 15,
          "column": 20
        }
      },
      "9": {
        "start": {
          "line": 16,
          "column": 4
        },
        "end": {
          "line": 16,
          "column": 75
        }
      },
      "10": {
        "start": {
          "line": 17,
          "column": 4
        },
        "end": {
          "line": 17,
          "column": 20
        }
      },
      "11": {
        "start": {
          "line": 18,
          "column": 4
        },
        "end": {
          "line": 18,
          "column": 51
        }
      },
      "12": {
        "start": {
          "line": 22,
          "column": 2
        },
        "end": {
          "line": 26,
          "column": 3
        }
      },
      "13": {
        "start": {
          "line": 23,
          "column": 4
        },
        "end": {
          "line": 23,
          "column": 34
        }
      },
      "14": {
        "start": {
          "line": 24,
          "column": 4
        },
        "end": {
          "line": 24,
          "column": 82
        }
      },
      "15": {
        "start": {
          "line": 25,
          "column": 4
        },
        "end": {
          "line": 25,
          "column": 31
        }
      },
      "16": {
        "start": {
          "line": 27,
          "column": 2
        },
        "end": {
          "line": 31,
          "column": 3
        }
      },
      "17": {
        "start": {
          "line": 28,
          "column": 20
        },
        "end": {
          "line": 28,
          "column": 33
        }
      },
      "18": {
        "start": {
          "line": 29,
          "column": 4
        },
        "end": {
          "line": 29,
          "column": 20
        }
      },
      "19": {
        "start": {
          "line": 30,
          "column": 4
        },
        "end": {
          "line": 30,
          "column": 45
        }
      },
      "20": {
        "start": {
          "line": 34,
          "column": 2
        },
        "end": {
          "line": 38,
          "column": 3
        }
      },
      "21": {
        "start": {
          "line": 35,
          "column": 4
        },
        "end": {
          "line": 35,
          "column": 43
        }
      },
      "22": {
        "start": {
          "line": 36,
          "column": 4
        },
        "end": {
          "line": 36,
          "column": 17
        }
      },
      "23": {
        "start": {
          "line": 37,
          "column": 4
        },
        "end": {
          "line": 37,
          "column": 24
        }
      },
      "24": {
        "start": {
          "line": 39,
          "column": 2
        },
        "end": {
          "line": 45,
          "column": 3
        }
      },
      "25": {
        "start": {
          "line": 40,
          "column": 21
        },
        "end": {
          "line": 40,
          "column": 34
        }
      },
      "26": {
        "start": {
          "line": 41,
          "column": 4
        },
        "end": {
          "line": 41,
          "column": 20
        }
      },
      "27": {
        "start": {
          "line": 42,
          "column": 4
        },
        "end": {
          "line": 42,
          "column": 76
        }
      },
      "28": {
        "start": {
          "line": 43,
          "column": 4
        },
        "end": {
          "line": 43,
          "column": 20
        }
      },
      "29": {
        "start": {
          "line": 44,
          "column": 4
        },
        "end": {
          "line": 44,
          "column": 52
        }
      },
      "30": {
        "start": {
          "line": 48,
          "column": 2
        },
        "end": {
          "line": 55,
          "column": 3
        }
      },
      "31": {
        "start": {
          "line": 49,
          "column": 4
        },
        "end": {
          "line": 49,
          "column": 47
        }
      },
      "32": {
        "start": {
          "line": 50,
          "column": 4
        },
        "end": {
          "line": 50,
          "column": 17
        }
      },
      "33": {
        "start": {
          "line": 51,
          "column": 4
        },
        "end": {
          "line": 51,
          "column": 22
        }
      },
      "34": {
        "start": {
          "line": 52,
          "column": 4
        },
        "end": {
          "line": 52,
          "column": 35
        }
      },
      "35": {
        "start": {
          "line": 53,
          "column": 4
        },
        "end": {
          "line": 53,
          "column": 87
        }
      },
      "36": {
        "start": {
          "line": 54,
          "column": 4
        },
        "end": {
          "line": 54,
          "column": 24
        }
      },
      "37": {
        "start": {
          "line": 56,
          "column": 2
        },
        "end": {
          "line": 62,
          "column": 3
        }
      },
      "38": {
        "start": {
          "line": 57,
          "column": 20
        },
        "end": {
          "line": 57,
          "column": 48
        }
      },
      "39": {
        "start": {
          "line": 58,
          "column": 4
        },
        "end": {
          "line": 58,
          "column": 20
        }
      },
      "40": {
        "start": {
          "line": 59,
          "column": 4
        },
        "end": {
          "line": 59,
          "column": 51
        }
      },
      "41": {
        "start": {
          "line": 60,
          "column": 4
        },
        "end": {
          "line": 60,
          "column": 20
        }
      },
      "42": {
        "start": {
          "line": 61,
          "column": 4
        },
        "end": {
          "line": 61,
          "column": 47
        }
      },
      "43": {
        "start": {
          "line": 65,
          "column": 2
        },
        "end": {
          "line": 69,
          "column": 3
        }
      },
      "44": {
        "start": {
          "line": 66,
          "column": 4
        },
        "end": {
          "line": 66,
          "column": 34
        }
      },
      "45": {
        "start": {
          "line": 67,
          "column": 4
        },
        "end": {
          "line": 67,
          "column": 83
        }
      },
      "46": {
        "start": {
          "line": 68,
          "column": 4
        },
        "end": {
          "line": 68,
          "column": 31
        }
      },
      "47": {
        "start": {
          "line": 70,
          "column": 2
        },
        "end": {
          "line": 74,
          "column": 3
        }
      },
      "48": {
        "start": {
          "line": 71,
          "column": 20
        },
        "end": {
          "line": 71,
          "column": 33
        }
      },
      "49": {
        "start": {
          "line": 72,
          "column": 4
        },
        "end": {
          "line": 72,
          "column": 20
        }
      },
      "50": {
        "start": {
          "line": 73,
          "column": 4
        },
        "end": {
          "line": 73,
          "column": 44
        }
      },
      "51": {
        "start": {
          "line": 76,
          "column": 42
        },
        "end": {
          "line": 134,
          "column": 4
        }
      },
      "52": {
        "start": {
          "line": 79,
          "column": 6
        },
        "end": {
          "line": 94,
          "column": 9
        }
      },
      "53": {
        "start": {
          "line": 97,
          "column": 6
        },
        "end": {
          "line": 99,
          "column": 8
        }
      },
      "54": {
        "start": {
          "line": 98,
          "column": 8
        },
        "end": {
          "line": 98,
          "column": 44
        }
      },
      "55": {
        "start": {
          "line": 102,
          "column": 6
        },
        "end": {
          "line": 130,
          "column": 9
        }
      },
      "56": {
        "start": {
          "line": 109,
          "column": 10
        },
        "end": {
          "line": 120,
          "column": 11
        }
      },
      "57": {
        "start": {
          "line": 110,
          "column": 12
        },
        "end": {
          "line": 110,
          "column": 67
        }
      },
      "58": {
        "start": {
          "line": 111,
          "column": 12
        },
        "end": {
          "line": 111,
          "column": 38
        }
      },
      "59": {
        "start": {
          "line": 112,
          "column": 12
        },
        "end": {
          "line": 112,
          "column": 30
        }
      },
      "60": {
        "start": {
          "line": 113,
          "column": 12
        },
        "end": {
          "line": 113,
          "column": 46
        }
      },
      "61": {
        "start": {
          "line": 114,
          "column": 12
        },
        "end": {
          "line": 114,
          "column": 39
        }
      },
      "62": {
        "start": {
          "line": 115,
          "column": 12
        },
        "end": {
          "line": 115,
          "column": 30
        }
      },
      "63": {
        "start": {
          "line": 116,
          "column": 12
        },
        "end": {
          "line": 116,
          "column": 55
        }
      },
      "64": {
        "start": {
          "line": 117,
          "column": 12
        },
        "end": {
          "line": 117,
          "column": 95
        }
      },
      "65": {
        "start": {
          "line": 118,
          "column": 12
        },
        "end": {
          "line": 118,
          "column": 95
        }
      },
      "66": {
        "start": {
          "line": 119,
          "column": 12
        },
        "end": {
          "line": 119,
          "column": 36
        }
      },
      "67": {
        "start": {
          "line": 121,
          "column": 10
        },
        "end": {
          "line": 126,
          "column": 11
        }
      },
      "68": {
        "start": {
          "line": 122,
          "column": 12
        },
        "end": {
          "line": 122,
          "column": 28
        }
      },
      "69": {
        "start": {
          "line": 123,
          "column": 12
        },
        "end": {
          "line": 123,
          "column": 48
        }
      },
      "70": {
        "start": {
          "line": 124,
          "column": 12
        },
        "end": {
          "line": 124,
          "column": 28
        }
      },
      "71": {
        "start": {
          "line": 125,
          "column": 12
        },
        "end": {
          "line": 125,
          "column": 48
        }
      },
      "72": {
        "start": {
          "line": 133,
          "column": 2
        },
        "end": {
          "line": 133,
          "column": 25
        }
      }
    },
    "fnMap": {
      "0": {
        "name": "(anonymous_0)",
        "decl": {
          "start": {
            "line": 4,
            "column": 12
          },
          "end": {
            "line": 4,
            "column": 13
          }
        },
        "loc": {
          "start": {
            "line": 4,
            "column": 26
          },
          "end": {
            "line": 6,
            "column": 1
          }
        },
        "line": 4
      },
      "1": {
        "name": "NavBarComponent_ng_container_8_li_1_Template",
        "decl": {
          "start": {
            "line": 7,
            "column": 9
          },
          "end": {
            "line": 7,
            "column": 53
          }
        },
        "loc": {
          "start": {
            "line": 7,
            "column": 63
          },
          "end": {
            "line": 20,
            "column": 1
          }
        },
        "line": 7
      },
      "2": {
        "name": "NavBarComponent_ng_container_8_Template",
        "decl": {
          "start": {
            "line": 21,
            "column": 9
          },
          "end": {
            "line": 21,
            "column": 48
          }
        },
        "loc": {
          "start": {
            "line": 21,
            "column": 58
          },
          "end": {
            "line": 32,
            "column": 1
          }
        },
        "line": 21
      },
      "3": {
        "name": "NavBarComponent_ng_container_9_li_1_li_4_Template",
        "decl": {
          "start": {
            "line": 33,
            "column": 9
          },
          "end": {
            "line": 33,
            "column": 58
          }
        },
        "loc": {
          "start": {
            "line": 33,
            "column": 68
          },
          "end": {
            "line": 46,
            "column": 1
          }
        },
        "line": 33
      },
      "4": {
        "name": "NavBarComponent_ng_container_9_li_1_Template",
        "decl": {
          "start": {
            "line": 47,
            "column": 9
          },
          "end": {
            "line": 47,
            "column": 53
          }
        },
        "loc": {
          "start": {
            "line": 47,
            "column": 63
          },
          "end": {
            "line": 63,
            "column": 1
          }
        },
        "line": 47
      },
      "5": {
        "name": "NavBarComponent_ng_container_9_Template",
        "decl": {
          "start": {
            "line": 64,
            "column": 9
          },
          "end": {
            "line": 64,
            "column": 48
          }
        },
        "loc": {
          "start": {
            "line": 64,
            "column": 58
          },
          "end": {
            "line": 75,
            "column": 1
          }
        },
        "line": 64
      },
      "6": {
        "name": "(anonymous_6)",
        "decl": {
          "start": {
            "line": 76,
            "column": 43
          },
          "end": {
            "line": 76,
            "column": 44
          }
        },
        "loc": {
          "start": {
            "line": 76,
            "column": 49
          },
          "end": {
            "line": 134,
            "column": 1
          }
        },
        "line": 76
      },
      "7": {
        "name": "(anonymous_7)",
        "decl": {
          "start": {
            "line": 78,
            "column": 4
          },
          "end": {
            "line": 78,
            "column": 5
          }
        },
        "loc": {
          "start": {
            "line": 78,
            "column": 18
          },
          "end": {
            "line": 95,
            "column": 5
          }
        },
        "line": 78
      },
      "8": {
        "name": "NavBarComponent_Factory",
        "decl": {
          "start": {
            "line": 97,
            "column": 27
          },
          "end": {
            "line": 97,
            "column": 50
          }
        },
        "loc": {
          "start": {
            "line": 97,
            "column": 54
          },
          "end": {
            "line": 99,
            "column": 7
          }
        },
        "line": 97
      },
      "9": {
        "name": "NavBarComponent_Template",
        "decl": {
          "start": {
            "line": 108,
            "column": 27
          },
          "end": {
            "line": 108,
            "column": 51
          }
        },
        "loc": {
          "start": {
            "line": 108,
            "column": 61
          },
          "end": {
            "line": 127,
            "column": 9
          }
        },
        "line": 108
      }
    },
    "branchMap": {
      "0": {
        "loc": {
          "start": {
            "line": 8,
            "column": 2
          },
          "end": {
            "line": 12,
            "column": 3
          }
        },
        "type": "if",
        "locations": [
          {
            "start": {
              "line": 8,
              "column": 2
            },
            "end": {
              "line": 12,
              "column": 3
            }
          },
          {
            "start": {
              "line": 8,
              "column": 2
            },
            "end": {
              "line": 12,
              "column": 3
            }
          }
        ],
        "line": 8
      },
      "1": {
        "loc": {
          "start": {
            "line": 13,
            "column": 2
          },
          "end": {
            "line": 19,
            "column": 3
          }
        },
        "type": "if",
        "locations": [
          {
            "start": {
              "line": 13,
              "column": 2
            },
            "end": {
              "line": 19,
              "column": 3
            }
          },
          {
            "start": {
              "line": 13,
              "column": 2
            },
            "end": {
              "line": 19,
              "column": 3
            }
          }
        ],
        "line": 13
      },
      "2": {
        "loc": {
          "start": {
            "line": 22,
            "column": 2
          },
          "end": {
            "line": 26,
            "column": 3
          }
        },
        "type": "if",
        "locations": [
          {
            "start": {
              "line": 22,
              "column": 2
            },
            "end": {
              "line": 26,
              "column": 3
            }
          },
          {
            "start": {
              "line": 22,
              "column": 2
            },
            "end": {
              "line": 26,
              "column": 3
            }
          }
        ],
        "line": 22
      },
      "3": {
        "loc": {
          "start": {
            "line": 27,
            "column": 2
          },
          "end": {
            "line": 31,
            "column": 3
          }
        },
        "type": "if",
        "locations": [
          {
            "start": {
              "line": 27,
              "column": 2
            },
            "end": {
              "line": 31,
              "column": 3
            }
          },
          {
            "start": {
              "line": 27,
              "column": 2
            },
            "end": {
              "line": 31,
              "column": 3
            }
          }
        ],
        "line": 27
      },
      "4": {
        "loc": {
          "start": {
            "line": 34,
            "column": 2
          },
          "end": {
            "line": 38,
            "column": 3
          }
        },
        "type": "if",
        "locations": [
          {
            "start": {
              "line": 34,
              "column": 2
            },
            "end": {
              "line": 38,
              "column": 3
            }
          },
          {
            "start": {
              "line": 34,
              "column": 2
            },
            "end": {
              "line": 38,
              "column": 3
            }
          }
        ],
        "line": 34
      },
      "5": {
        "loc": {
          "start": {
            "line": 39,
            "column": 2
          },
          "end": {
            "line": 45,
            "column": 3
          }
        },
        "type": "if",
        "locations": [
          {
            "start": {
              "line": 39,
              "column": 2
            },
            "end": {
              "line": 45,
              "column": 3
            }
          },
          {
            "start": {
              "line": 39,
              "column": 2
            },
            "end": {
              "line": 45,
              "column": 3
            }
          }
        ],
        "line": 39
      },
      "6": {
        "loc": {
          "start": {
            "line": 48,
            "column": 2
          },
          "end": {
            "line": 55,
            "column": 3
          }
        },
        "type": "if",
        "locations": [
          {
            "start": {
              "line": 48,
              "column": 2
            },
            "end": {
              "line": 55,
              "column": 3
            }
          },
          {
            "start": {
              "line": 48,
              "column": 2
            },
            "end": {
              "line": 55,
              "column": 3
            }
          }
        ],
        "line": 48
      },
      "7": {
        "loc": {
          "start": {
            "line": 56,
            "column": 2
          },
          "end": {
            "line": 62,
            "column": 3
          }
        },
        "type": "if",
        "locations": [
          {
            "start": {
              "line": 56,
              "column": 2
            },
            "end": {
              "line": 62,
              "column": 3
            }
          },
          {
            "start": {
              "line": 56,
              "column": 2
            },
            "end": {
              "line": 62,
              "column": 3
            }
          }
        ],
        "line": 56
      },
      "8": {
        "loc": {
          "start": {
            "line": 65,
            "column": 2
          },
          "end": {
            "line": 69,
            "column": 3
          }
        },
        "type": "if",
        "locations": [
          {
            "start": {
              "line": 65,
              "column": 2
            },
            "end": {
              "line": 69,
              "column": 3
            }
          },
          {
            "start": {
              "line": 65,
              "column": 2
            },
            "end": {
              "line": 69,
              "column": 3
            }
          }
        ],
        "line": 65
      },
      "9": {
        "loc": {
          "start": {
            "line": 70,
            "column": 2
          },
          "end": {
            "line": 74,
            "column": 3
          }
        },
        "type": "if",
        "locations": [
          {
            "start": {
              "line": 70,
              "column": 2
            },
            "end": {
              "line": 74,
              "column": 3
            }
          },
          {
            "start": {
              "line": 70,
              "column": 2
            },
            "end": {
              "line": 74,
              "column": 3
            }
          }
        ],
        "line": 70
      },
      "10": {
        "loc": {
          "start": {
            "line": 98,
            "column": 20
          },
          "end": {
            "line": 98,
            "column": 40
          }
        },
        "type": "binary-expr",
        "locations": [
          {
            "start": {
              "line": 98,
              "column": 20
            },
            "end": {
              "line": 98,
              "column": 21
            }
          },
          {
            "start": {
              "line": 98,
              "column": 25
            },
            "end": {
              "line": 98,
              "column": 40
            }
          }
        ],
        "line": 98
      },
      "11": {
        "loc": {
          "start": {
            "line": 109,
            "column": 10
          },
          "end": {
            "line": 120,
            "column": 11
          }
        },
        "type": "if",
        "locations": [
          {
            "start": {
              "line": 109,
              "column": 10
            },
            "end": {
              "line": 120,
              "column": 11
            }
          },
          {
            "start": {
              "line": 109,
              "column": 10
            },
            "end": {
              "line": 120,
              "column": 11
            }
          }
        ],
        "line": 109
      },
      "12": {
        "loc": {
          "start": {
            "line": 121,
            "column": 10
          },
          "end": {
            "line": 126,
            "column": 11
          }
        },
        "type": "if",
        "locations": [
          {
            "start": {
              "line": 121,
              "column": 10
            },
            "end": {
              "line": 126,
              "column": 11
            }
          },
          {
            "start": {
              "line": 121,
              "column": 10
            },
            "end": {
              "line": 126,
              "column": 11
            }
          }
        ],
        "line": 121
      }
    },
    "s": {
      "0": 4,
      "1": 16,
      "2": 40,
      "3": 4,
      "4": 4,
      "5": 4,
      "6": 40,
      "7": 36,
      "8": 36,
      "9": 36,
      "10": 36,
      "11": 36,
      "12": 80,
      "13": 8,
      "14": 8,
      "15": 8,
      "16": 80,
      "17": 72,
      "18": 72,
      "19": 72,
      "20": 120,
      "21": 12,
      "22": 12,
      "23": 12,
      "24": 120,
      "25": 108,
      "26": 108,
      "27": 108,
      "28": 108,
      "29": 108,
      "30": 40,
      "31": 4,
      "32": 4,
      "33": 4,
      "34": 4,
      "35": 4,
      "36": 4,
      "37": 40,
      "38": 36,
      "39": 36,
      "40": 36,
      "41": 36,
      "42": 36,
      "43": 80,
      "44": 8,
      "45": 8,
      "46": 8,
      "47": 80,
      "48": 72,
      "49": 72,
      "50": 72,
      "51": 4,
      "52": 4,
      "53": 4,
      "54": 4,
      "55": 4,
      "56": 40,
      "57": 4,
      "58": 4,
      "59": 4,
      "60": 4,
      "61": 4,
      "62": 4,
      "63": 4,
      "64": 4,
      "65": 4,
      "66": 4,
      "67": 40,
      "68": 36,
      "69": 36,
      "70": 36,
      "71": 36,
      "72": 4
    },
    "f": {
      "0": 16,
      "1": 40,
      "2": 80,
      "3": 120,
      "4": 40,
      "5": 80,
      "6": 4,
      "7": 4,
      "8": 4,
      "9": 40
    },
    "b": {
      "0": [
        4,
        36
      ],
      "1": [
        36,
        4
      ],
      "2": [
        8,
        72
      ],
      "3": [
        72,
        8
      ],
      "4": [
        12,
        108
      ],
      "5": [
        108,
        12
      ],
      "6": [
        4,
        36
      ],
      "7": [
        36,
        4
      ],
      "8": [
        8,
        72
      ],
      "9": [
        72,
        8
      ],
      "10": [
        4,
        4
      ],
      "11": [
        4,
        36
      ],
      "12": [
        36,
        4
      ]
    },
    "inputSourceMap": {
      "version": 3,
      "names": [
        "i0",
        "ɵɵelementStart",
        "ɵɵtext",
        "ɵɵelementEnd",
        "ɵɵadvance",
        "ɵɵproperty",
        "ɵɵpureFunction1",
        "_c0",
        "menu_r2",
        "route",
        "ɵɵtextInterpolate1",
        "label",
        "ɵɵelementContainerStart",
        "ɵɵtemplate",
        "NavBarComponent_ng_container_8_li_1_Template",
        "ɵɵelementContainerEnd",
        "children",
        "child_r8",
        "NavBarComponent_ng_container_9_li_1_li_4_Template",
        "menu_r5",
        "NavBarComponent_ng_container_9_li_1_Template",
        "NavBarComponent",
        "constructor",
        "menus",
        "selectors",
        "decls",
        "vars",
        "consts",
        "template",
        "NavBarComponent_Template",
        "rf",
        "ctx",
        "ɵɵelement",
        "NavBarComponent_ng_container_8_Template",
        "NavBarComponent_ng_container_9_Template"
      ],
      "sources": [
        "D:\\Programação\\Projetos\\Estudar\\library-web\\src\\app\\shared\\components\\nav-bar\\nav-bar.component.ts",
        "D:\\Programação\\Projetos\\Estudar\\library-web\\src\\app\\shared\\components\\nav-bar\\nav-bar.component.html"
      ],
      "sourcesContent": [
        "import { Component } from '@angular/core';\n\n@Component({\n  selector: 'app-nav-bar',\n  templateUrl: './nav-bar.component.html',\n  styleUrls: ['./nav-bar.component.scss'],\n})\nexport class NavBarComponent {\n  menus = [\n    {\n      label: 'Loja',\n      route: '/shop',\n    },\n    {\n      label: 'Cadastros',\n      children: [\n        {\n          label: 'Autores',\n          route: '/author',\n        },\n        {\n          label: 'Categoria',\n          route: '/category',\n        },\n        {\n          label: 'Livros',\n          route: '/book',\n        },\n      ],\n    },\n  ];\n}\n",
        "<nav\n  class=\"navbar navbar-expand-lg navbar-light bg-dark border-bottom border-body\"\n  data-bs-theme=\"dark\"\n>\n  <div class=\"container-fluid\">\n    <a class=\"navbar-brand\">Livraria </a>\n\n    <button\n      class=\"navbar-toggler\"\n      type=\"button\"\n      data-bs-toggle=\"collapse\"\n      data-bs-target=\"#navbarNav\"\n      aria-controls=\"navbarNav\"\n      aria-expanded=\"false\"\n      aria-label=\"Toggle navigation\"\n    >\n      <span class=\"navbar-toggler-icon\"></span>\n    </button>\n\n    <div class=\"collapse navbar-collapse\" id=\"navbarNav\">\n      <ul class=\"navbar-nav me-auto\">\n        <ng-container *ngFor=\"let menu of menus\">\n          <li class=\"nav-item\" *ngIf=\"!menu.children\">\n            <a class=\"nav-link\" aria-current=\"page\" [routerLink]=\"[menu.route]\">\n              {{ menu.label }}\n            </a>\n          </li>\n        </ng-container>\n        <ng-container *ngFor=\"let menu of menus\">\n          <li class=\"nav-item dropdown\" *ngIf=\"menu.children\">\n            <a\n              class=\"nav-link dropdown-toggle\"\n              href=\"#\"\n              id=\"navbarDropdown\"\n              role=\"button\"\n              data-bs-toggle=\"dropdown\"\n              aria-expanded=\"false\"\n            >\n              {{ menu.label }}\n            </a>\n            <ul class=\"dropdown-menu\" aria-labelledby=\"navbarDropdown\">\n              <li *ngFor=\"let child of menu.children\">\n                <a class=\"dropdown-item\" [routerLink]=\"[child.route]\">\n                  {{ child.label }}\n                </a>\n              </li>\n            </ul>\n          </li>\n        </ng-container>\n      </ul>\n    </div>\n  </div>\n</nav>\n"
      ],
      "mappings": ";;;;;;;;ICsBUA,EAAA,CAAAC,cAAA,YAA4C;IAExCD,EAAA,CAAAE,MAAA,GACF;IAAAF,EAAA,CAAAG,YAAA,EAAI;;;;IAFoCH,EAAA,CAAAI,SAAA,GAA2B;IAA3BJ,EAAA,CAAAK,UAAA,eAAAL,EAAA,CAAAM,eAAA,IAAAC,GAAA,EAAAC,OAAA,CAAAC,KAAA,EAA2B;IACjET,EAAA,CAAAI,SAAA,GACF;IADEJ,EAAA,CAAAU,kBAAA,MAAAF,OAAA,CAAAG,KAAA,MACF;;;;;IAJJX,EAAA,CAAAY,uBAAA,GAAyC;IACvCZ,EAAA,CAAAa,UAAA,IAAAC,4CAAA,gBAIK;IACPd,EAAA,CAAAe,qBAAA,EAAe;;;;IALSf,EAAA,CAAAI,SAAA,GAAoB;IAApBJ,EAAA,CAAAK,UAAA,UAAAG,OAAA,CAAAQ,QAAA,CAAoB;;;;;IAmBtChB,EAAA,CAAAC,cAAA,SAAwC;IAEpCD,EAAA,CAAAE,MAAA,GACF;IAAAF,EAAA,CAAAG,YAAA,EAAI;;;;IAFqBH,EAAA,CAAAI,SAAA,GAA4B;IAA5BJ,EAAA,CAAAK,UAAA,eAAAL,EAAA,CAAAM,eAAA,IAAAC,GAAA,EAAAU,QAAA,CAAAR,KAAA,EAA4B;IACnDT,EAAA,CAAAI,SAAA,GACF;IADEJ,EAAA,CAAAU,kBAAA,MAAAO,QAAA,CAAAN,KAAA,MACF;;;;;IAfNX,EAAA,CAAAC,cAAA,aAAoD;IAShDD,EAAA,CAAAE,MAAA,GACF;IAAAF,EAAA,CAAAG,YAAA,EAAI;IACJH,EAAA,CAAAC,cAAA,aAA2D;IACzDD,EAAA,CAAAa,UAAA,IAAAK,iDAAA,gBAIK;IACPlB,EAAA,CAAAG,YAAA,EAAK;;;;IARHH,EAAA,CAAAI,SAAA,GACF;IADEJ,EAAA,CAAAU,kBAAA,MAAAS,OAAA,CAAAR,KAAA,MACF;IAEwBX,EAAA,CAAAI,SAAA,GAAgB;IAAhBJ,EAAA,CAAAK,UAAA,YAAAc,OAAA,CAAAH,QAAA,CAAgB;;;;;IAb5ChB,EAAA,CAAAY,uBAAA,GAAyC;IACvCZ,EAAA,CAAAa,UAAA,IAAAO,4CAAA,iBAkBK;IACPpB,EAAA,CAAAe,qBAAA,EAAe;;;;IAnBkBf,EAAA,CAAAI,SAAA,GAAmB;IAAnBJ,EAAA,CAAAK,UAAA,SAAAc,OAAA,CAAAH,QAAA,CAAmB;;;ADtB5D,WAAaK,eAAe;EAAtB,MAAOA,eAAe;IAL5BC,YAAA;MAME,KAAAC,KAAK,GAAG,CACN;QACEZ,KAAK,EAAE,MAAM;QACbF,KAAK,EAAE;OACR,EACD;QACEE,KAAK,EAAE,WAAW;QAClBK,QAAQ,EAAE,CACR;UACEL,KAAK,EAAE,SAAS;UAChBF,KAAK,EAAE;SACR,EACD;UACEE,KAAK,EAAE,WAAW;UAClBF,KAAK,EAAE;SACR,EACD;UACEE,KAAK,EAAE,QAAQ;UACfF,KAAK,EAAE;SACR;OAEJ,CACF;;;;yBAvBUY,eAAe;MAAA;IAAA;;;cAAfA,eAAe;QAAAG,SAAA;QAAAC,KAAA;QAAAC,IAAA;QAAAC,MAAA;QAAAC,QAAA,WAAAC,yBAAAC,EAAA,EAAAC,GAAA;UAAA,IAAAD,EAAA;YCP5B9B,EAAA,CAAAC,cAAA,aAGC;YAE2BD,EAAA,CAAAE,MAAA,gBAAS;YAAAF,EAAA,CAAAG,YAAA,EAAI;YAErCH,EAAA,CAAAC,cAAA,gBAQC;YACCD,EAAA,CAAAgC,SAAA,cAAyC;YAC3ChC,EAAA,CAAAG,YAAA,EAAS;YAETH,EAAA,CAAAC,cAAA,aAAqD;YAEjDD,EAAA,CAAAa,UAAA,IAAAoB,uCAAA,0BAMe;YACfjC,EAAA,CAAAa,UAAA,IAAAqB,uCAAA,0BAoBe;YACjBlC,EAAA,CAAAG,YAAA,EAAK;;;YA5B4BH,EAAA,CAAAI,SAAA,GAAQ;YAARJ,EAAA,CAAAK,UAAA,YAAA0B,GAAA,CAAAR,KAAA,CAAQ;YAORvB,EAAA,CAAAI,SAAA,GAAQ;YAARJ,EAAA,CAAAK,UAAA,YAAA0B,GAAA,CAAAR,KAAA,CAAQ;;;;;;;;SDrBlCF,eAAe;AAAA",
      "ignoreList": []
    },
    "_coverageSchema": "1a1c01bbd47fc00a2c39e90264f33305004495a9",
    "hash": "bf2cfd8bac8ae0a5c749b593185d67b4a7ff174f"
  },
  "D:\\Programação\\Projetos\\Estudar\\library-web\\src\\app\\layout\\full\\full.component.ts": {
    "path": "D:\\Programação\\Projetos\\Estudar\\library-web\\src\\app\\layout\\full\\full.component.ts",
    "statementMap": {
      "0": {
        "start": {
          "line": 4,
          "column": 40
        },
        "end": {
          "line": 36,
          "column": 4
        }
      },
      "1": {
        "start": {
          "line": 7,
          "column": 6
        },
        "end": {
          "line": 7,
          "column": 47
        }
      },
      "2": {
        "start": {
          "line": 10,
          "column": 6
        },
        "end": {
          "line": 12,
          "column": 8
        }
      },
      "3": {
        "start": {
          "line": 11,
          "column": 8
        },
        "end": {
          "line": 11,
          "column": 42
        }
      },
      "4": {
        "start": {
          "line": 15,
          "column": 6
        },
        "end": {
          "line": 32,
          "column": 9
        }
      },
      "5": {
        "start": {
          "line": 22,
          "column": 10
        },
        "end": {
          "line": 28,
          "column": 11
        }
      },
      "6": {
        "start": {
          "line": 23,
          "column": 12
        },
        "end": {
          "line": 23,
          "column": 43
        }
      },
      "7": {
        "start": {
          "line": 24,
          "column": 12
        },
        "end": {
          "line": 24,
          "column": 43
        }
      },
      "8": {
        "start": {
          "line": 25,
          "column": 12
        },
        "end": {
          "line": 25,
          "column": 54
        }
      },
      "9": {
        "start": {
          "line": 26,
          "column": 12
        },
        "end": {
          "line": 26,
          "column": 45
        }
      },
      "10": {
        "start": {
          "line": 27,
          "column": 12
        },
        "end": {
          "line": 27,
          "column": 34
        }
      },
      "11": {
        "start": {
          "line": 35,
          "column": 2
        },
        "end": {
          "line": 35,
          "column": 23
        }
      }
    },
    "fnMap": {
      "0": {
        "name": "(anonymous_0)",
        "decl": {
          "start": {
            "line": 4,
            "column": 41
          },
          "end": {
            "line": 4,
            "column": 42
          }
        },
        "loc": {
          "start": {
            "line": 4,
            "column": 47
          },
          "end": {
            "line": 36,
            "column": 1
          }
        },
        "line": 4
      },
      "1": {
        "name": "(anonymous_1)",
        "decl": {
          "start": {
            "line": 6,
            "column": 4
          },
          "end": {
            "line": 6,
            "column": 5
          }
        },
        "loc": {
          "start": {
            "line": 6,
            "column": 18
          },
          "end": {
            "line": 8,
            "column": 5
          }
        },
        "line": 6
      },
      "2": {
        "name": "FullComponent_Factory",
        "decl": {
          "start": {
            "line": 10,
            "column": 27
          },
          "end": {
            "line": 10,
            "column": 48
          }
        },
        "loc": {
          "start": {
            "line": 10,
            "column": 52
          },
          "end": {
            "line": 12,
            "column": 7
          }
        },
        "line": 10
      },
      "3": {
        "name": "FullComponent_Template",
        "decl": {
          "start": {
            "line": 21,
            "column": 27
          },
          "end": {
            "line": 21,
            "column": 49
          }
        },
        "loc": {
          "start": {
            "line": 21,
            "column": 59
          },
          "end": {
            "line": 29,
            "column": 9
          }
        },
        "line": 21
      }
    },
    "branchMap": {
      "0": {
        "loc": {
          "start": {
            "line": 11,
            "column": 20
          },
          "end": {
            "line": 11,
            "column": 38
          }
        },
        "type": "binary-expr",
        "locations": [
          {
            "start": {
              "line": 11,
              "column": 20
            },
            "end": {
              "line": 11,
              "column": 21
            }
          },
          {
            "start": {
              "line": 11,
              "column": 25
            },
            "end": {
              "line": 11,
              "column": 38
            }
          }
        ],
        "line": 11
      },
      "1": {
        "loc": {
          "start": {
            "line": 22,
            "column": 10
          },
          "end": {
            "line": 28,
            "column": 11
          }
        },
        "type": "if",
        "locations": [
          {
            "start": {
              "line": 22,
              "column": 10
            },
            "end": {
              "line": 28,
              "column": 11
            }
          },
          {
            "start": {
              "line": 22,
              "column": 10
            },
            "end": {
              "line": 28,
              "column": 11
            }
          }
        ],
        "line": 22
      }
    },
    "s": {
      "0": 4,
      "1": 4,
      "2": 4,
      "3": 4,
      "4": 4,
      "5": 40,
      "6": 4,
      "7": 4,
      "8": 4,
      "9": 4,
      "10": 4,
      "11": 4
    },
    "f": {
      "0": 4,
      "1": 4,
      "2": 4,
      "3": 40
    },
    "b": {
      "0": [
        4,
        4
      ],
      "1": [
        4,
        36
      ]
    },
    "inputSourceMap": {
      "version": 3,
      "names": [
        "FullComponent",
        "constructor",
        "anoAtual",
        "Date",
        "getFullYear",
        "selectors",
        "decls",
        "vars",
        "consts",
        "template",
        "FullComponent_Template",
        "rf",
        "ctx",
        "i0",
        "ɵɵelementStart",
        "ɵɵelement",
        "ɵɵelementEnd"
      ],
      "sources": [
        "D:\\Programação\\Projetos\\Estudar\\library-web\\src\\app\\layout\\full\\full.component.ts",
        "D:\\Programação\\Projetos\\Estudar\\library-web\\src\\app\\layout\\full\\full.component.html"
      ],
      "sourcesContent": [
        "import { Component } from '@angular/core';\n\n@Component({\n  selector: 'app-full',\n  templateUrl: './full.component.html',\n  styleUrls: ['./full.component.scss'],\n})\nexport class FullComponent {\n  anoAtual = new Date().getFullYear();\n}\n",
        "<div class=\"wrapper\">\n  <app-nav-bar></app-nav-bar>\n\n  <div class=\"container-fluid\">\n    <main>\n      <router-outlet></router-outlet>\n    </main>\n  </div>\n</div>\n"
      ],
      "mappings": ";;;AAOA,WAAaA,aAAa;EAApB,MAAOA,aAAa;IAL1BC,YAAA;MAME,KAAAC,QAAQ,GAAG,IAAIC,IAAI,EAAE,CAACC,WAAW,EAAE;;;;yBADxBJ,aAAa;MAAA;IAAA;;;cAAbA,aAAa;QAAAK,SAAA;QAAAC,KAAA;QAAAC,IAAA;QAAAC,MAAA;QAAAC,QAAA,WAAAC,uBAAAC,EAAA,EAAAC,GAAA;UAAA,IAAAD,EAAA;YCP1BE,EAAA,CAAAC,cAAA,aAAqB;YACnBD,EAAA,CAAAE,SAAA,kBAA2B;YAE3BF,EAAA,CAAAC,cAAA,aAA6B;YAEzBD,EAAA,CAAAE,SAAA,oBAA+B;YACjCF,EAAA,CAAAG,YAAA,EAAO;;;;;;;;SDCEhB,aAAa;AAAA",
      "ignoreList": []
    },
    "_coverageSchema": "1a1c01bbd47fc00a2c39e90264f33305004495a9",
    "hash": "24499051cca98b701af7f4bb71d32a3d366e5404"
  },
  "D:\\Programação\\Projetos\\Estudar\\library-web\\src\\app\\shared\\services\\auth.service.ts": {
    "path": "D:\\Programação\\Projetos\\Estudar\\library-web\\src\\app\\shared\\services\\auth.service.ts",
    "statementMap": {
      "0": {
        "start": {
          "line": 3,
          "column": 38
        },
        "end": {
          "line": 32,
          "column": 4
        }
      },
      "1": {
        "start": {
          "line": 6,
          "column": 6
        },
        "end": {
          "line": 6,
          "column": 32
        }
      },
      "2": {
        "start": {
          "line": 9,
          "column": 6
        },
        "end": {
          "line": 9,
          "column": 31
        }
      },
      "3": {
        "start": {
          "line": 12,
          "column": 6
        },
        "end": {
          "line": 12,
          "column": 31
        }
      },
      "4": {
        "start": {
          "line": 13,
          "column": 6
        },
        "end": {
          "line": 13,
          "column": 22
        }
      },
      "5": {
        "start": {
          "line": 16,
          "column": 6
        },
        "end": {
          "line": 16,
          "column": 27
        }
      },
      "6": {
        "start": {
          "line": 19,
          "column": 6
        },
        "end": {
          "line": 21,
          "column": 8
        }
      },
      "7": {
        "start": {
          "line": 20,
          "column": 8
        },
        "end": {
          "line": 20,
          "column": 40
        }
      },
      "8": {
        "start": {
          "line": 24,
          "column": 6
        },
        "end": {
          "line": 28,
          "column": 9
        }
      },
      "9": {
        "start": {
          "line": 31,
          "column": 2
        },
        "end": {
          "line": 31,
          "column": 21
        }
      }
    },
    "fnMap": {
      "0": {
        "name": "(anonymous_0)",
        "decl": {
          "start": {
            "line": 3,
            "column": 39
          },
          "end": {
            "line": 3,
            "column": 40
          }
        },
        "loc": {
          "start": {
            "line": 3,
            "column": 45
          },
          "end": {
            "line": 32,
            "column": 1
          }
        },
        "line": 3
      },
      "1": {
        "name": "(anonymous_1)",
        "decl": {
          "start": {
            "line": 5,
            "column": 4
          },
          "end": {
            "line": 5,
            "column": 5
          }
        },
        "loc": {
          "start": {
            "line": 5,
            "column": 18
          },
          "end": {
            "line": 7,
            "column": 5
          }
        },
        "line": 5
      },
      "2": {
        "name": "(anonymous_2)",
        "decl": {
          "start": {
            "line": 8,
            "column": 4
          },
          "end": {
            "line": 8,
            "column": 5
          }
        },
        "loc": {
          "start": {
            "line": 8,
            "column": 22
          },
          "end": {
            "line": 10,
            "column": 5
          }
        },
        "line": 8
      },
      "3": {
        "name": "(anonymous_3)",
        "decl": {
          "start": {
            "line": 11,
            "column": 4
          },
          "end": {
            "line": 11,
            "column": 5
          }
        },
        "loc": {
          "start": {
            "line": 11,
            "column": 12
          },
          "end": {
            "line": 14,
            "column": 5
          }
        },
        "line": 11
      },
      "4": {
        "name": "(anonymous_4)",
        "decl": {
          "start": {
            "line": 15,
            "column": 4
          },
          "end": {
            "line": 15,
            "column": 5
          }
        },
        "loc": {
          "start": {
            "line": 15,
            "column": 13
          },
          "end": {
            "line": 17,
            "column": 5
          }
        },
        "line": 15
      },
      "5": {
        "name": "AuthService_Factory",
        "decl": {
          "start": {
            "line": 19,
            "column": 27
          },
          "end": {
            "line": 19,
            "column": 46
          }
        },
        "loc": {
          "start": {
            "line": 19,
            "column": 50
          },
          "end": {
            "line": 21,
            "column": 7
          }
        },
        "line": 19
      }
    },
    "branchMap": {
      "0": {
        "loc": {
          "start": {
            "line": 20,
            "column": 20
          },
          "end": {
            "line": 20,
            "column": 36
          }
        },
        "type": "binary-expr",
        "locations": [
          {
            "start": {
              "line": 20,
              "column": 20
            },
            "end": {
              "line": 20,
              "column": 21
            }
          },
          {
            "start": {
              "line": 20,
              "column": 25
            },
            "end": {
              "line": 20,
              "column": 36
            }
          }
        ],
        "line": 20
      }
    },
    "s": {
      "0": 4,
      "1": 4,
      "2": 4,
      "3": 4,
      "4": 4,
      "5": 0,
      "6": 4,
      "7": 4,
      "8": 4,
      "9": 4
    },
    "f": {
      "0": 4,
      "1": 4,
      "2": 4,
      "3": 4,
      "4": 0,
      "5": 4
    },
    "b": {
      "0": [
        4,
        4
      ]
    },
    "inputSourceMap": {
      "version": 3,
      "names": [
        "of",
        "AuthService",
        "constructor",
        "userLoggedIn",
        "getUserLoggedIn",
        "login",
        "logout",
        "localStorage",
        "clear",
        "factory",
        "ɵfac",
        "providedIn"
      ],
      "sources": [
        "D:\\Programação\\Projetos\\Estudar\\library-web\\src\\app\\shared\\services\\auth.service.ts"
      ],
      "sourcesContent": [
        "import { Injectable } from '@angular/core';\r\nimport { of } from 'rxjs';\r\n\r\n@Injectable({\r\n  providedIn: 'root',\r\n})\r\nexport class AuthService {\r\n  userLoggedIn = false;\r\n  getUserLoggedIn() {\r\n    return this.userLoggedIn;\r\n  }\r\n  login() {\r\n    this.userLoggedIn = true;\r\n    return of(true);\r\n  }\r\n  logout() {\r\n    localStorage.clear();\r\n  }\r\n}\r\n"
      ],
      "mappings": "AACA,SAASA,EAAE,QAAQ,MAAM;;AAKzB,WAAaC,WAAW;EAAlB,MAAOA,WAAW;IAHxBC,YAAA;MAIE,KAAAC,YAAY,GAAG,KAAK;;IACpBC,eAAeA,CAAA;MACb,OAAO,IAAI,CAACD,YAAY;IAC1B;IACAE,KAAKA,CAAA;MACH,IAAI,CAACF,YAAY,GAAG,IAAI;MACxB,OAAOH,EAAE,CAAC,IAAI,CAAC;IACjB;IACAM,MAAMA,CAAA;MACJC,YAAY,CAACC,KAAK,EAAE;IACtB;;;yBAXWP,WAAW;MAAA;IAAA;;;eAAXA,WAAW;QAAAQ,OAAA,EAAXR,WAAW,CAAAS,IAAA;QAAAC,UAAA,EAFV;MAAM;IAAA;;SAEPV,WAAW;AAAA",
      "ignoreList": []
    },
    "_coverageSchema": "1a1c01bbd47fc00a2c39e90264f33305004495a9",
    "hash": "87f7b21ae2bc0bee72602270a45a8777424aa688"
  },
  "D:\\Programação\\Projetos\\Estudar\\library-web\\src\\app\\shared\\guard\\auth.guard.ts": {
    "path": "D:\\Programação\\Projetos\\Estudar\\library-web\\src\\app\\shared\\guard\\auth.guard.ts",
    "statementMap": {
      "0": {
        "start": {
          "line": 4,
          "column": 25
        },
        "end": {
          "line": 9,
          "column": 1
        }
      },
      "1": {
        "start": {
          "line": 5,
          "column": 17
        },
        "end": {
          "line": 5,
          "column": 31
        }
      },
      "2": {
        "start": {
          "line": 6,
          "column": 22
        },
        "end": {
          "line": 6,
          "column": 41
        }
      },
      "3": {
        "start": {
          "line": 7,
          "column": 2
        },
        "end": {
          "line": 7,
          "column": 49
        }
      },
      "4": {
        "start": {
          "line": 7,
          "column": 37
        },
        "end": {
          "line": 7,
          "column": 49
        }
      },
      "5": {
        "start": {
          "line": 8,
          "column": 2
        },
        "end": {
          "line": 8,
          "column": 52
        }
      },
      "6": {
        "start": {
          "line": 10,
          "column": 30
        },
        "end": {
          "line": 14,
          "column": 1
        }
      },
      "7": {
        "start": {
          "line": 11,
          "column": 2
        },
        "end": {
          "line": 11,
          "column": 23
        }
      },
      "8": {
        "start": {
          "line": 12,
          "column": 2
        },
        "end": {
          "line": 12,
          "column": 30
        }
      },
      "9": {
        "start": {
          "line": 13,
          "column": 2
        },
        "end": {
          "line": 13,
          "column": 15
        }
      }
    },
    "fnMap": {
      "0": {
        "name": "(anonymous_0)",
        "decl": {
          "start": {
            "line": 4,
            "column": 25
          },
          "end": {
            "line": 4,
            "column": 26
          }
        },
        "loc": {
          "start": {
            "line": 4,
            "column": 43
          },
          "end": {
            "line": 9,
            "column": 1
          }
        },
        "line": 4
      },
      "1": {
        "name": "(anonymous_1)",
        "decl": {
          "start": {
            "line": 10,
            "column": 30
          },
          "end": {
            "line": 10,
            "column": 31
          }
        },
        "loc": {
          "start": {
            "line": 10,
            "column": 55
          },
          "end": {
            "line": 14,
            "column": 1
          }
        },
        "line": 10
      }
    },
    "branchMap": {
      "0": {
        "loc": {
          "start": {
            "line": 7,
            "column": 2
          },
          "end": {
            "line": 7,
            "column": 49
          }
        },
        "type": "if",
        "locations": [
          {
            "start": {
              "line": 7,
              "column": 2
            },
            "end": {
              "line": 7,
              "column": 49
            }
          },
          {
            "start": {
              "line": 7,
              "column": 2
            },
            "end": {
              "line": 7,
              "column": 49
            }
          }
        ],
        "line": 7
      }
    },
    "s": {
      "0": 4,
      "1": 4,
      "2": 4,
      "3": 4,
      "4": 4,
      "5": 0,
      "6": 4,
      "7": 0,
      "8": 0,
      "9": 0
    },
    "f": {
      "0": 4,
      "1": 0
    },
    "b": {
      "0": [
        4,
        0
      ]
    },
    "inputSourceMap": {
      "version": 3,
      "names": [
        "Router",
        "AuthService",
        "inject",
        "authGuard",
        "route",
        "state",
        "router",
        "authService",
        "getUserLoggedIn",
        "redirecionarParaLogin",
        "logout",
        "navigate"
      ],
      "sources": [
        "D:\\Programação\\Projetos\\Estudar\\library-web\\src\\app\\shared\\guard\\auth.guard.ts"
      ],
      "sourcesContent": [
        "import { CanActivateFn, Router } from '@angular/router';\nimport { AuthService } from '../services/auth.service';\nimport { inject } from '@angular/core';\n\nexport const authGuard: CanActivateFn = (route, state) => {\n  const router = inject(Router);\n  const authService = inject(AuthService);\n\n  if (authService.getUserLoggedIn()) return true;\n\n  return redirecionarParaLogin(authService, router);\n};\n\nconst redirecionarParaLogin = (authService: AuthService, router: Router) => {\n  authService.logout();\n  router.navigate(['/login']);\n  return false;\n};\n"
      ],
      "mappings": "AAAA,SAAwBA,MAAM,QAAQ,iBAAiB;AACvD,SAASC,WAAW,QAAQ,0BAA0B;AACtD,SAASC,MAAM,QAAQ,eAAe;AAEtC,OAAO,MAAMC,SAAS,GAAkBA,CAACC,KAAK,EAAEC,KAAK,KAAI;EACvD,MAAMC,MAAM,GAAGJ,MAAM,CAACF,MAAM,CAAC;EAC7B,MAAMO,WAAW,GAAGL,MAAM,CAACD,WAAW,CAAC;EAEvC,IAAIM,WAAW,CAACC,eAAe,EAAE,EAAE,OAAO,IAAI;EAE9C,OAAOC,qBAAqB,CAACF,WAAW,EAAED,MAAM,CAAC;AACnD,CAAC;AAED,MAAMG,qBAAqB,GAAGA,CAACF,WAAwB,EAAED,MAAc,KAAI;EACzEC,WAAW,CAACG,MAAM,EAAE;EACpBJ,MAAM,CAACK,QAAQ,CAAC,CAAC,QAAQ,CAAC,CAAC;EAC3B,OAAO,KAAK;AACd,CAAC",
      "ignoreList": []
    },
    "_coverageSchema": "1a1c01bbd47fc00a2c39e90264f33305004495a9",
    "hash": "118f1ad5c4da31ed5d7efa7bab41f81c010285c9"
  },
  "D:\\Programação\\Projetos\\Estudar\\library-web\\src\\app\\app-routing.module.ts": {
    "path": "D:\\Programação\\Projetos\\Estudar\\library-web\\src\\app\\app-routing.module.ts",
    "statementMap": {
      "0": {
        "start": {
          "line": 7,
          "column": 15
        },
        "end": {
          "line": 38,
          "column": 2
        }
      },
      "1": {
        "start": {
          "line": 17,
          "column": 24
        },
        "end": {
          "line": 17,
          "column": 82
        }
      },
      "2": {
        "start": {
          "line": 17,
          "column": 69
        },
        "end": {
          "line": 17,
          "column": 81
        }
      },
      "3": {
        "start": {
          "line": 20,
          "column": 24
        },
        "end": {
          "line": 20,
          "column": 88
        }
      },
      "4": {
        "start": {
          "line": 20,
          "column": 73
        },
        "end": {
          "line": 20,
          "column": 87
        }
      },
      "5": {
        "start": {
          "line": 23,
          "column": 24
        },
        "end": {
          "line": 23,
          "column": 82
        }
      },
      "6": {
        "start": {
          "line": 23,
          "column": 69
        },
        "end": {
          "line": 23,
          "column": 81
        }
      },
      "7": {
        "start": {
          "line": 26,
          "column": 24
        },
        "end": {
          "line": 26,
          "column": 94
        }
      },
      "8": {
        "start": {
          "line": 26,
          "column": 77
        },
        "end": {
          "line": 26,
          "column": 93
        }
      },
      "9": {
        "start": {
          "line": 29,
          "column": 24
        },
        "end": {
          "line": 29,
          "column": 94
        }
      },
      "10": {
        "start": {
          "line": 29,
          "column": 77
        },
        "end": {
          "line": 29,
          "column": 93
        }
      },
      "11": {
        "start": {
          "line": 36,
          "column": 24
        },
        "end": {
          "line": 36,
          "column": 90
        }
      },
      "12": {
        "start": {
          "line": 36,
          "column": 76
        },
        "end": {
          "line": 36,
          "column": 89
        }
      },
      "13": {
        "start": {
          "line": 39,
          "column": 43
        },
        "end": {
          "line": 58,
          "column": 4
        }
      },
      "14": {
        "start": {
          "line": 42,
          "column": 6
        },
        "end": {
          "line": 44,
          "column": 8
        }
      },
      "15": {
        "start": {
          "line": 43,
          "column": 8
        },
        "end": {
          "line": 43,
          "column": 45
        }
      },
      "16": {
        "start": {
          "line": 47,
          "column": 6
        },
        "end": {
          "line": 49,
          "column": 9
        }
      },
      "17": {
        "start": {
          "line": 52,
          "column": 6
        },
        "end": {
[...]
his.currentPage = 0;\r\n        this.loadBooks(value || '');\r\n      });\r\n  }\r\n\r\n  private loadCategories(): void {\r\n    this.categoryService.getAll().subscribe((res) => {\r\n      this.categories = res.data;\r\n    });\r\n  }\r\n\r\n  private loadBooks(filter: string = ''): void {\r\n    if (this.selectedCategories.length > 0) {\r\n      this.bookService\r\n        .getAllByCategories(this.selectedCategories, filter)\r\n        .subscribe((response) => this.fillList(response));\r\n    } else {\r\n      this.bookService\r\n        .getAll(this.currentPage, filter, this.pageSize)\r\n        .subscribe((response) => this.fillList(response));\r\n    }\r\n  }\r\n\r\n  private fillList(response: PaginatedResponse<Book>): void {\r\n    this.books = response.data;\r\n    this.currentPage = response.pagination.currentPage;\r\n    this.totalItems = response.pagination.totalItems;\r\n    this.totalPages = response.pagination.totalPages;\r\n  }\r\n\r\n  filterBooks(category: Category, event: Event): void {\r\n    const checked = (event.target as HTMLInputElement).checked;\r\n\r\n    if (checked) {\r\n      this.selectedCategories.push(category.id);\r\n    } else {\r\n      this.selectedCategories = this.selectedCategories.filter(\r\n        (id) => id !== category.id\r\n      );\r\n    }\r\n\r\n    this.currentPage = 0;\r\n    this.loadBooks(this.searchControl.value || '');\r\n  }\r\n\r\n  goToPage(page: number): void {\r\n    if (page >= 1 && page <= this.totalPages) {\r\n      this.currentPage = page;\r\n      this.loadBooks(this.searchControl.value || '');\r\n    }\r\n  }\r\n  getAuthors(book: Book) {\r\n    return book.author?.map((a) => a.name).join(', ');\r\n  }\r\n\r\n  addToCart(book: Book): void {\r\n    const product: ItemSale = {\r\n      id: 1,\r\n      saleId: 1,\r\n      bookId: book.id,\r\n      quantity: 1,\r\n      price: book.price,\r\n      book,\r\n    };\r\n\r\n    this.cartService.add(product);\r\n  }\r\n\r\n  ngOnDestroy(): void {\r\n    this.destroy$.next();\r\n    this.destroy$.complete();\r\n  }\r\n}\r\n",
        "<div class=\"d-flex justify-content-between\">\r\n  <h3>Loja</h3>\r\n  <app-cart></app-cart>\r\n</div>\r\n\r\n<div class=\"row mb-3\">\r\n  <div class=\"input-group me-3\">\r\n    <span class=\"input-group-text\"><i class=\"bi bi-search\"></i></span>\r\n    <input\r\n      type=\"text\"\r\n      class=\"form-control\"\r\n      placeholder=\"Pesquisar...\"\r\n      [formControl]=\"searchControl\"\r\n      data-cy=\"input-search\"\r\n    />\r\n  </div>\r\n</div>\r\n<div class=\"row\">\r\n  <div class=\"col-md-3\">\r\n    <div class=\"card\">\r\n      <div class=\"card-header\">Categorias</div>\r\n      <div class=\"card-body overflow-auto\" style=\"max-height: 300px\">\r\n        <div *ngFor=\"let category of categories\" class=\"form-check\">\r\n          <input\r\n            class=\"form-check-input\"\r\n            type=\"checkbox\"\r\n            [value]=\"category.id\"\r\n            (change)=\"filterBooks(category, $event)\"\r\n          />\r\n          <label class=\"form-check-label\">{{ category.description }}</label>\r\n        </div>\r\n      </div>\r\n    </div>\r\n  </div>\r\n\r\n  <div class=\"col-md-9\">\r\n    <div class=\"row\">\r\n      <div class=\"col-md-4 mb-4\" *ngFor=\"let book of books\">\r\n        <div class=\"card\">\r\n          <div class=\"card-body\">\r\n            <h5 class=\"card-title\">{{ book.title }}</h5>\r\n            <p class=\"card-text\">\r\n              {{ getAuthors(book) }}\r\n            </p>\r\n            <p class=\"card-text\">\r\n              <strong>R$</strong> {{ book.price.toFixed(2) }}\r\n            </p>\r\n            <button\r\n              class=\"btn btn-outline-primary w-100\"\r\n              (click)=\"addToCart(book)\"\r\n            >\r\n              <i class=\"bi bi-cart-plus\"></i>\r\n            </button>\r\n          </div>\r\n        </div>\r\n      </div>\r\n    </div>\r\n    <div class=\"d-flex justify-content-center align-items-center mb-3\">\r\n      <ngb-pagination\r\n        [(page)]=\"currentPage\"\r\n        [pageSize]=\"pageSize\"\r\n        [collectionSize]=\"totalItems\"\r\n        (pageChange)=\"goToPage($event)\"\r\n      />\r\n    </div>\r\n  </div>\r\n</div>\r\n"
      ],
      "mappings": "AAAA,SAAuCA,MAAM,QAAQ,eAAe;AACpE,SAASC,WAAW,QAAQ,gBAAgB;AAC5C,SAASC,YAAY,EAAEC,oBAAoB,EAAEC,OAAO,EAAEC,SAAS,QAAQ,MAAM;AAK7E,SAASC,WAAW,QAAQ,sCAAsC;AAClE,SAASC,WAAW,QAAQ,sCAAsC;AAClE,SAASC,eAAe,QAAQ,0CAA0C;;;;;;;;;ICalEC,EAAA,CAAAC,cAAA,cAA4D;IAKxDD,EAAA,CAAAE,UAAA,oBAAAC,sDAAAC,MAAA;MAAA,MAAAC,WAAA,GAAAL,EAAA,CAAAM,aAAA,CAAAC,GAAA;MAAA,MAAAC,WAAA,GAAAH,WAAA,CAAAI,SAAA;MAAA,MAAAC,MAAA,GAAAV,EAAA,CAAAW,aAAA;MAAA,OAAUX,EAAA,CAAAY,WAAA,CAAAF,MAAA,CAAAG,WAAA,CAAAL,WAAA,EAAAJ,MAAA,CAA6B;IAAA,EAAC;IAJ1CJ,EAAA,CAAAc,YAAA,EAKE;IACFd,EAAA,CAAAC,cAAA,gBAAgC;IAAAD,EAAA,CAAAe,MAAA,GAA0B;IAAAf,EAAA,CAAAc,YAAA,EAAQ;;;;IAHhEd,EAAA,CAAAgB,SAAA,GAAqB;IAArBhB,EAAA,CAAAiB,UAAA,UAAAT,WAAA,CAAAU,EAAA,CAAqB;IAGSlB,EAAA,CAAAgB,SAAA,GAA0B;IAA1BhB,EAAA,CAAAmB,iBAAA,CAAAX,WAAA,CAAAY,WAAA,CAA0B;;;;;;IAQ9DpB,EAAA,CAAAC,cAAA,cAAsD;IAGzBD,EAAA,CAAAe,MAAA,GAAgB;IAAAf,EAAA,CAAAc,YAAA,EAAK;IAC5Cd,EAAA,CAAAC,cAAA,YAAqB;IACnBD,EAAA,CAAAe,MAAA,GACF;IAAAf,EAAA,CAAAc,YAAA,EAAI;IACJd,EAAA,CAAAC,cAAA,YAAqB;IACXD,EAAA,CAAAe,MAAA,SAAE;IAAAf,EAAA,CAAAc,YAAA,EAAS;IAACd,EAAA,CAAAe,MAAA,IACtB;IAAAf,EAAA,CAAAc,YAAA,EAAI;IACJd,EAAA,CAAAC,cAAA,kBAGC;IADCD,EAAA,CAAAE,UAAA,mBAAAmB,uDAAA;MAAA,MAAAhB,WAAA,GAAAL,EAAA,CAAAM,aAAA,CAAAgB,GAAA;MAAA,MAAAC,OAAA,GAAAlB,WAAA,CAAAI,SAAA;MAAA,MAAAe,MAAA,GAAAxB,EAAA,CAAAW,aAAA;MAAA,OAASX,EAAA,CAAAY,WAAA,CAAAY,MAAA,CAAAC,SAAA,CAAAF,OAAA,CAAe;IAAA,EAAC;IAEzBvB,EAAA,CAAA0B,SAAA,aAA+B;IACjC1B,EAAA,CAAAc,YAAA,EAAS;;;;;IAZcd,EAAA,CAAAgB,SAAA,GAAgB;IAAhBhB,EAAA,CAAAmB,iBAAA,CAAAI,OAAA,CAAAI,KAAA,CAAgB;IAErC3B,EAAA,CAAAgB,SAAA,GACF;IADEhB,EAAA,CAAA4B,kBAAA,MAAAC,MAAA,CAAAC,UAAA,CAAAP,OAAA,OACF;IAEsBvB,EAAA,CAAAgB,SAAA,GACtB;IADsBhB,EAAA,CAAA4B,kBAAA,MAAAL,OAAA,CAAAQ,KAAA,CAAAC,OAAA,SACtB;;;AD9BZ,WAAaC,aAAa;EAApB,MAAOA,aAAa;IAL1BC,YAAA;MAMU,KAAAC,WAAW,GAAG5C,MAAM,CAACO,WAAW,CAAC;MACjC,KAAAsC,eAAe,GAAG7C,MAAM,CAACQ,eAAe,CAAC;MACzC,KAAAsC,WAAW,GAAG9C,MAAM,CAACM,WAAW,CAAC;MACjC,KAAAyC,QAAQ,GAAG,IAAI3C,OAAO,EAAQ;MAEtC,KAAA4C,aAAa,GAAG,IAAI/C,WAAW,CAAS,EAAE,CAAC;MAC3C,KAAAgD,UAAU,GAAe,EAAE;MAC3B,KAAAC,KAAK,GAAW,EAAE;MAElB,KAAAC,kBAAkB,GAAa,EAAE;MACjC,KAAAC,WAAW,GAAG,CAAC;MACf,KAAAC,QAAQ,GAAG,CAAC;MACZ,KAAAC,UAAU,GAAG,CAAC;MACd,KAAAC,UAAU,GAAG,CAAC;;IAEdC,QAAQA,CAAA;MACN,IAAI,CAACC,mBAAmB,EAAE;MAC1B,IAAI,CAACC,cAAc,EAAE;MACrB,IAAI,CAACC,SAAS,EAAE;IAClB;IAEQF,mBAAmBA,CAAA;MACzB,IAAI,CAACT,aAAa,CAACY,YAAY,CAC5BC,IAAI,CAAC3D,YAAY,CAAC,GAAG,CAAC,EAAEC,oBAAoB,EAAE,EAAEE,SAAS,CAAC,IAAI,CAAC0C,QAAQ,CAAC,CAAC,CACzEe,SAAS,CAAEC,KAAK,IAAI;QACnB,IAAI,CAACX,WAAW,GAAG,CAAC;QACpB,IAAI,CAACO,SAAS,CAACI,KAAK,IAAI,EAAE,CAAC;MAC7B,CAAC,CAAC;IACN;IAEQL,cAAcA,CAAA;MACpB,IAAI,CAACb,eAAe,CAACmB,MAAM,EAAE,CAACF,SAAS,CAAEG,GAAG,IAAI;QAC9C,IAAI,CAAChB,UAAU,GAAGgB,GAAG,CAACC,IAAI;MAC5B,CAAC,CAAC;IACJ;IAEQP,SAASA,CAACQ,MAAA,GAAiB,EAAE;MACnC,IAAI,IAAI,CAAChB,kBAAkB,CAACiB,MAAM,GAAG,CAAC,EAAE;QACtC,IAAI,CAACtB,WAAW,CACbuB,kBAAkB,CAAC,IAAI,CAAClB,kBAAkB,EAAEgB,MAAM,CAAC,CACnDL,SAAS,CAAEQ,QAAQ,IAAK,IAAI,CAACC,QAAQ,CAACD,QAAQ,CAAC,CAAC;OACpD,MAAM;QACL,IAAI,CAACxB,WAAW,CACbkB,MAAM,CAAC,IAAI,CAACZ,WAAW,EAAEe,MAAM,EAAE,IAAI,CAACd,QAAQ,CAAC,CAC/CS,SAAS,CAAEQ,QAAQ,IAAK,IAAI,CAACC,QAAQ,CAACD,QAAQ,CAAC,CAAC;;IAEvD;IAEQC,QAAQA,CAACD,QAAiC;MAChD,IAAI,CAACpB,KAAK,GAAGoB,QAAQ,CAACJ,IAAI;MAC1B,IAAI,CAACd,WAAW,GAAGkB,QAAQ,CAACE,UAAU,CAACpB,WAAW;MAClD,IAAI,CAACE,UAAU,GAAGgB,QAAQ,CAACE,UAAU,CAAClB,UAAU;MAChD,IAAI,CAACC,UAAU,GAAGe,QAAQ,CAACE,UAAU,CAACjB,UAAU;IAClD;IAEAjC,WAAWA,CAACmD,QAAkB,EAAEC,KAAY;MAC1C,MAAMC,OAAO,GAAID,KAAK,CAACE,MAA2B,CAACD,OAAO;MAE1D,IAAIA,OAAO,EAAE;QACX,IAAI,CAACxB,kBAAkB,CAAC0B,IAAI,CAACJ,QAAQ,CAAC9C,EAAE,CAAC;OAC1C,MAAM;QACL,IAAI,CAACwB,kBAAkB,GAAG,IAAI,CAACA,kBAAkB,CAACgB,MAAM,CACrDxC,EAAE,IAAKA,EAAE,KAAK8C,QAAQ,CAAC9C,EAAE,CAC3B;;MAGH,IAAI,CAACyB,WAAW,GAAG,CAAC;MACpB,IAAI,CAACO,SAAS,CAAC,IAAI,CAACX,aAAa,CAACe,KAAK,IAAI,EAAE,CAAC;IAChD;IAEAe,QAAQA,CAACC,IAAY;MACnB,IAAIA,IAAI,IAAI,CAAC,IAAIA,IAAI,IAAI,IAAI,CAACxB,UAAU,EAAE;QACxC,IAAI,CAACH,WAAW,GAAG2B,IAAI;QACvB,IAAI,CAACpB,SAAS,CAAC,IAAI,CAACX,aAAa,CAACe,KAAK,IAAI,EAAE,CAAC;;IAElD;IACAxB,UAAUA,CAACyC,IAAU;MACnB,OAAOA,IAAI,CAACC,MAAM,EAAEC,GAAG,CAAEC,CAAC,IAAKA,CAAC,CAACC,IAAI,CAAC,CAACC,IAAI,CAAC,IAAI,CAAC;IACnD;IAEAnD,SAASA,CAAC8C,IAAU;MAClB,MAAMM,OAAO,GAAa;QACxB3D,EAAE,EAAE,CAAC;QACL4D,MAAM,EAAE,CAAC;QACTC,MAAM,EAAER,IAAI,CAACrD,EAAE;QACf8D,QAAQ,EAAE,CAAC;QACXjD,KAAK,EAAEwC,IAAI,CAACxC,KAAK;QACjBwC;OACD;MAED,IAAI,CAACpC,WAAW,CAAC8C,GAAG,CAACJ,OAAO,CAAC;IAC/B;IAEAK,WAAWA,CAAA;MACT,IAAI,CAAC5C,QAAQ,CAAC6C,IAAI,EAAE;MACpB,IAAI,CAAC7C,QAAQ,CAAC8C,QAAQ,EAAE;IAC1B;;;yBAjGWnD,aAAa;MAAA;IAAA;;;cAAbA,aAAa;QAAAoD,SAAA;QAAAC,KAAA;QAAAC,IAAA;QAAAC,MAAA;QAAAC,QAAA,WAAAC,uBAAAC,EAAA,EAAAC,GAAA;UAAA,IAAAD,EAAA;YChB1B3F,EAAA,CAAAC,cAAA,aAA4C;YACtCD,EAAA,CAAAe,MAAA,WAAI;YAAAf,EAAA,CAAAc,YAAA,EAAK;YACbd,EAAA,CAAA0B,SAAA,eAAqB;YACvB1B,EAAA,CAAAc,YAAA,EAAM;YAENd,EAAA,CAAAC,cAAA,aAAsB;YAEaD,EAAA,CAAA0B,SAAA,WAA4B;YAAA1B,EAAA,CAAAc,YAAA,EAAO;YAClEd,EAAA,CAAA0B,SAAA,eAME;YACJ1B,EAAA,CAAAc,YAAA,EAAM;YAERd,EAAA,CAAAC,cAAA,aAAiB;YAGcD,EAAA,CAAAe,MAAA,kBAAU;YAAAf,EAAA,CAAAc,YAAA,EAAM;YACzCd,EAAA,CAAAC,cAAA,eAA+D;YAC7DD,EAAA,CAAA6F,UAAA,KAAAC,6BAAA,kBAQM;YACR9F,EAAA,CAAAc,YAAA,EAAM;YAIVd,EAAA,CAAAC,cAAA,eAAsB;YAElBD,EAAA,CAAA6F,UAAA,KAAAE,6BAAA,mBAkBM;YACR/F,EAAA,CAAAc,YAAA,EAAM;YACNd,EAAA,CAAAC,cAAA,eAAmE;YAE/DD,EAAA,CAAAE,UAAA,wBAAA8F,6DAAA5F,MAAA;cAAA,OAAAwF,GAAA,CAAAjD,WAAA,GAAAvC,MAAA;YAAA,EAAsB,wBAAA4F,6DAAA5F,MAAA;cAAA,OAGRwF,GAAA,CAAAvB,QAAA,CAAAjE,MAAA,CAAgB;YAAA,EAHR;YADxBJ,EAAA,CAAAc,YAAA,EAKE;;;YAnDFd,EAAA,CAAAgB,SAAA,GAA6B;YAA7BhB,EAAA,CAAAiB,UAAA,gBAAA2E,GAAA,CAAArD,aAAA,CAA6B;YAUDvC,EAAA,CAAAgB,SAAA,GAAa;YAAbhB,EAAA,CAAAiB,UAAA,YAAA2E,GAAA,CAAApD,UAAA,CAAa;YAeGxC,EAAA,CAAAgB,SAAA,GAAQ;YAARhB,EAAA,CAAAiB,UAAA,YAAA2E,GAAA,CAAAnD,KAAA,CAAQ;YAsBlDzC,EAAA,CAAAgB,SAAA,GAAsB;YAAtBhB,EAAA,CAAAiB,UAAA,SAAA2E,GAAA,CAAAjD,WAAA,CAAsB,aAAAiD,GAAA,CAAAhD,QAAA,oBAAAgD,GAAA,CAAA/C,UAAA;;;;;;;SD3CjBZ,aAAa;AAAA",
      "ignoreList": []
    },
    "_coverageSchema": "1a1c01bbd47fc00a2c39e90264f33305004495a9",
    "hash": "6c37f340e90b4e49f38e1149593ffbf282452b1f"
  },
  "D:\\Programação\\Projetos\\Estudar\\library-web\\src\\app\\pages\\cart\\cart.module.ts": {
    "path": "D:\\Programação\\Projetos\\Estudar\\library-web\\src\\app\\pages\\cart\\cart.module.ts",
    "statementMap": {
      "0": {
        "start": {
          "line": 5,
          "column": 37
        },
        "end": {
          "line": 24,
          "column": 4
        }
      },
      "1": {
        "start": {
          "line": 8,
          "column": 6
        },
        "end": {
          "line": 10,
          "column": 8
        }
      },
      "2": {
        "start": {
          "line": 9,
          "column": 8
        },
        "end": {
          "line": 9,
          "column": 39
        }
      },
      "3": {
        "start": {
          "line": 13,
          "column": 6
        },
        "end": {
          "line": 15,
          "column": 9
        }
      },
      "4": {
        "start": {
          "line": 18,
          "column": 6
        },
        "end": {
          "line": 20,
          "column": 9
        }
      },
      "5": {
        "start": {
          "line": 23,
          "column": 2
        },
        "end": {
          "line": 23,
          "column": 20
        }
      }
    },
    "fnMap": {
      "0": {
        "name": "(anonymous_0)",
        "decl": {
          "start": {
            "line": 5,
            "column": 38
          },
          "end": {
            "line": 5,
            "column": 39
          }
        },
        "loc": {
          "start": {
            "line": 5,
            "column": 44
          },
          "end": {
            "line": 24,
            "column": 1
          }
        },
        "line": 5
      },
      "1": {
        "name": "CartModule_Factory",
        "decl": {
          "start": {
            "line": 8,
            "column": 27
          },
          "end": {
            "line": 8,
            "column": 45
          }
        },
        "loc": {
          "start": {
            "line": 8,
            "column": 49
          },
          "end": {
            "line": 10,
            "column": 7
          }
        },
        "line": 8
      }
    },
    "branchMap": {
      "0": {
        "loc": {
          "start": {
            "line": 9,
            "column": 20
          },
          "end": {
            "line": 9,
            "column": 35
          }
        },
        "type": "binary-expr",
        "locations": [
          {
            "start": {
              "line": 9,
              "column": 20
            },
            "end": {
              "line": 9,
              "column": 21
            }
          },
          {
            "start": {
              "line": 9,
              "column": 25
            },
            "end": {
              "line": 9,
              "column": 35
            }
          }
        ],
        "line": 9
      }
    },
    "s": {
      "0": 4,
      "1": 4,
      "2": 4,
      "3": 4,
      "4": 4,
      "5": 4
    },
    "f": {
      "0": 4,
      "1": 4
    },
    "b": {
      "0": [
        4,
        4
      ]
    },
    "inputSourceMap": {
      "version": 3,
      "names": [
        "CommonModule",
        "FormsModule",
        "RouterModule",
        "CartModule"
      ],
      "sources": [
        "D:\\Programação\\Projetos\\Estudar\\library-web\\src\\app\\pages\\cart\\cart.module.ts"
      ],
      "sourcesContent": [
        "import { NgModule } from '@angular/core';\r\nimport { CommonModule } from '@angular/common';\r\nimport { CartComponent } from './cart.component';\r\nimport { FormsModule } from '@angular/forms';\r\nimport { RouterModule } from '@angular/router';\r\n@NgModule({\r\n  declarations: [CartComponent],\r\n  imports: [CommonModule, FormsModule, RouterModule],\r\n  exports: [CartComponent],\r\n})\r\nexport class CartModule {}\r\n"
      ],
      "mappings": "AACA,SAASA,YAAY,QAAQ,iBAAiB;AAE9C,SAASC,WAAW,QAAQ,gBAAgB;AAC5C,SAASC,YAAY,QAAQ,iBAAiB;;AAM9C,WAAaC,UAAU;EAAjB,MAAOA,UAAU;;;yBAAVA,UAAU;MAAA;IAAA;;;cAAVA;MAAU;IAAA;;;kBAHXH,YAAY,EAAEC,WAAW,EAAEC,YAAY;MAAA;IAAA;;SAGtCC,UAAU;AAAA",
      "ignoreList": []
    },
    "_coverageSchema": "1a1c01bbd47fc00a2c39e90264f33305004495a9",
    "hash": "30b67675d76db81c1c18d36003fbb3bda8e788ab"
  },
  "D:\\Programação\\Projetos\\Estudar\\library-web\\src\\app\\pages\\shop\\shop.module.ts": {
    "path": "D:\\Programação\\Projetos\\Estudar\\library-web\\src\\app\\pages\\shop\\shop.module.ts",
    "statementMap": {
      "0": {
        "start": {
          "line": 11,
          "column": 15
        },
        "end": {
          "line": 14,
          "column": 2
        }
      },
      "1": {
        "start": {
          "line": 15,
          "column": 37
        },
        "end": {
          "line": 35,
          "column": 4
        }
      },
      "2": {
        "start": {
          "line": 18,
          "column": 6
        },
        "end": {
          "line": 20,
          "column": 8
        }
      },
      "3": {
        "start": {
          "line": 19,
          "column": 8
        },
        "end": {
          "line": 19,
          "column": 39
        }
      },
      "4": {
        "start": {
          "line": 23,
          "column": 6
        },
        "end": {
          "line": 25,
          "column": 9
        }
      },
      "5": {
        "start": {
          "line": 28,
          "column": 6
        },
        "end": {
          "line": 31,
          "column": 9
        }
      },
      "6": {
        "start": {
          "line": 34,
          "column": 2
        },
        "end": {
          "line": 34,
          "column": 20
        }
      }
    },
    "fnMap": {
      "0": {
        "name": "(anonymous_0)",
        "decl": {
          "start": {
            "line": 15,
            "column": 38
          },
          "end": {
            "line": 15,
            "column": 39
          }
        },
        "loc": {
          "start": {
            "line": 15,
            "column": 44
          },
          "end": {
            "line": 35,
            "column": 1
          }
        },
        "line": 15
      },
      "1": {
        "name": "ShopModule_Factory",
        "decl": {
          "start": {
            "line": 18,
            "column": 27
          },
          "end": {
            "line": 18,
            "column": 45
          }
        },
        "loc": {
          "start": {
            "line": 18,
            "column": 49
          },
          "end": {
            "line": 20,
            "column": 7
          }
        },
        "line": 18
      }
    },
    "branchMap": {
      "0": {
        "loc": {
          "start": {
            "line": 19,
            "column": 20
          },
          "end": {
            "line": 19,
            "column": 35
          }
        },
        "type": "binary-expr",
        "locations": [
          {
            "start": {
              "line": 19,
              "column": 20
            },
            "end": {
              "line": 19,
              "column": 21
            }
          },
          {
            "start": {
              "line": 19,
              "column": 25
            },
            "end": {
              "line": 19,
              "column": 35
            }
          }
        ],
        "line": 19
      }
    },
    "s": {
      "0": 4,
      "1": 4,
      "2": 4,
      "3": 4,
      "4": 4,
      "5": 4,
      "6": 4
    },
    "f": {
      "0": 4,
      "1": 4
    },
    "b": {
      "0": [
        4,
        4
      ]
    },
    "inputSourceMap": {
      "version": 3,
      "names": [
        "CommonModule",
        "ShopComponent",
        "ReactiveFormsModule",
        "RouterModule",
        "NgbPaginationModule",
        "CategoryService",
        "BookService",
        "CartModule",
        "routes",
        "path",
        "component",
        "ShopModule",
        "imports",
        "forChild"
      ],
      "sources": [
        "D:\\Programação\\Projetos\\Estudar\\library-web\\src\\app\\pages\\shop\\shop.module.ts"
      ],
      "sourcesContent": [
        "import { NgModule } from '@angular/core';\r\nimport { CommonModule } from '@angular/common';\r\nimport { ShopComponent } from './shop.component';\r\nimport { ReactiveFormsModule } from '@angular/forms';\r\nimport { RouterModule, Routes } from '@angular/router';\r\nimport { NgbPaginationModule } from '@ng-bootstrap/ng-bootstrap';\r\nimport { CategoryService } from 'src/app/shared/services/category.service';\r\nimport { BookService } from 'src/app/shared/services/book.service';\r\nimport { CartModule } from '../cart/cart.module';\r\n\r\nconst routes: Routes = [\r\n  {\r\n    path: '',\r\n    component: ShopComponent,\r\n  },\r\n];\r\n\r\n@NgModule({\r\n  declarations: [ShopComponent],\r\n  imports: [\r\n    CommonModule,\r\n    ReactiveFormsModule,\r\n    RouterModule.forChild(routes),\r\n    NgbPaginationModule,\r\n    CartModule,\r\n  ],\r\n  providers: [CategoryService, BookService],\r\n})\r\nexport class ShopModule {}\r\n"
      ],
      "mappings": "AACA,SAASA,YAAY,QAAQ,iBAAiB;AAC9C,SAASC,aAAa,QAAQ,kBAAkB;AAChD,SAASC,mBAAmB,QAAQ,gBAAgB;AACpD,SAASC,YAAY,QAAgB,iBAAiB;AACtD,SAASC,mBAAmB,QAAQ,4BAA4B;AAChE,SAASC,eAAe,QAAQ,0CAA0C;AAC1E,SAASC,WAAW,QAAQ,sCAAsC;AAClE,SAASC,UAAU,QAAQ,qBAAqB;;;AAEhD,MAAMC,MAAM,GAAW,CACrB;EACEC,IAAI,EAAE,EAAE;EACRC,SAAS,EAAET;CACZ,CACF;AAaD,WAAaU,UAAU;EAAjB,MAAOA,UAAU;;;yBAAVA,UAAU;MAAA;IAAA;;;cAAVA;MAAU;IAAA;;;mBAFV,CAACN,eAAe,EAAEC,WAAW,CAAC;QAAAM,OAAA,GANvCZ,YAAY,EACZE,mBAAmB,EACnBC,YAAY,CAACU,QAAQ,CAACL,MAAM,CAAC,EAC7BJ,mBAAmB,EACnBG,UAAU;MAAA;IAAA;;SAIDI,UAAU;AAAA",
      "ignoreList": []
    },
    "_coverageSchema": "1a1c01bbd47fc00a2c39e90264f33305004495a9",
    "hash": "9e3370fe37d225f0b92ec81b27f455f25088bff5"
  }
}